sdB is #5, 1st star is #11, 2nd star is #1, 3rd star is #2
                            sdB   -------- FWHM --------
   File    Center (arcsec)  Mag     sdB     #11    #1    #2         FWHM differences
2m0753.0001  0.4 W, 0.2 S   10.49    4.59  4.18  4.23  4.41    #1-#11:   1%   #2-#11:   5%
2m0753.0002  0.1 E, 0.0 S   10.48    4.72  4.37  4.24  4.36    #1-#11:  -3%   #2-#11:   0%
2m0753.0003  0.3 W, 0.1 S   10.48    4.72  4.36  4.22  4.36    #1-#11:  -3%   #2-#11:   0%
2m0753.0004  0.0 E, 0.1 S   10.49    4.86  4.62  4.56  4.65    #1-#11:  -1%   #2-#11:   1%
2m0753.0005  0.0 W, 0.1 S   10.50    4.72  4.25  4.23  4.36    #1-#11:   0%   #2-#11:   3%
2m0753.0006  0.4 W, 0.0 S   10.48    4.93  4.56  4.35  4.56    #1-#11:  -5%   #2-#11:   0%
2m0753.0007  0.6 W, 0.0 S   10.48    5.03  4.83  4.64  4.89    #1-#11:  -4%   #2-#11:   1%
2m0753.0008  0.0 W, 0.0 S   10.49    4.96  4.44  4.52  4.54    #1-#11:   2%   #2-#11:   2%
2m0753.0009  0.2 W, 0.2 S   10.50    4.76  4.24  4.44  4.58    #1-#11:   5%   #2-#11:   8%
2m0753.0010  0.1 W, 0.1 N   10.49    4.69  4.30  4.42  4.64    #1-#11:   3%   #2-#11:   8%
2m0753.0011  0.1 E, 0.3 S   10.48    5.06  4.75  4.58  4.71    #1-#11:  -4%   #2-#11:  -1%
2m0753.0012  0.5 W, 0.2 S   10.47    5.12  4.76  4.76  4.82    #1-#11:   0%   #2-#11:   1%
2m0753.0013  0.3 W, 0.2 S   10.49    4.81  4.38  4.28  4.42    #1-#11:  -2%   #2-#11:   1%
2m0753.0014  0.3 E, 0.1 S   10.50    4.80  4.37  4.32  4.50    #1-#11:  -1%   #2-#11:   3%
2m0753.0015  0.4 W, 0.2 S   10.49    4.84  4.31  4.32  4.57    #1-#11:   0%   #2-#11:   6%
2m0753.0016  0.1 E, 0.1 N   10.48    4.52  4.23  4.10  4.10    #1-#11:  -3%   #2-#11:  -3%
2m0753.0017  0.2 E, 0.2 S   10.48    4.68  4.29  4.24  4.30    #1-#11:  -1%   #2-#11:   0%
2m0753.0018  0.6 W, 0.2 S   10.48    5.19  4.93  4.70  4.85    #1-#11:  -5%   #2-#11:  -2%
2m0753.0019  0.2 W, 0.1 S   10.49    5.36  4.90  4.92  4.92    #1-#11:   0%   #2-#11:   0%
2m0753.0020  0.3 E, 0.2 S   10.49    4.90  4.56  4.52  4.68    #1-#11:  -1%   #2-#11:   3%
2m0753.0021  0.6 W, 0.2 S   10.47    4.68  4.36  4.29  4.34    #1-#11:  -2%   #2-#11:   0%
2m0753.0022  0.1 W, 0.2 S   10.48    4.45  3.89  3.95  4.11    #1-#11:   2%   #2-#11:   6%
2m0753.0023  0.1 W, 0.1 S   10.49    4.84  4.39  4.46  4.62    #1-#11:   2%   #2-#11:   5%
2m0753.0024  0.7 W, 0.0 S   10.49    5.02  4.65  4.62  4.78    #1-#11:  -1%   #2-#11:   3%
2m0753.0025  0.6 W, 0.1 S   10.48    4.92  4.54  4.56  4.62    #1-#11:   0%   #2-#11:   2%
2m0753.0026  0.0 E, 0.3 S   10.47    4.84  4.78  4.62  4.78    #1-#11:  -3%   #2-#11:   0%
2m0753.0027  0.6 W, 0.1 S   10.48    4.56  4.28  4.01  4.16    #1-#11:  -7%   #2-#11:  -3%
2m0753.0028  0.1 W, 0.1 N   10.49    4.64  4.32  4.39  4.52    #1-#11:   2%   #2-#11:   5%
2m0753.0029  0.1 E, 0.1 S   10.49    4.76  4.47  4.59  4.53    #1-#11:   3%   #2-#11:   1%
2m0753.0030  0.9 W, 0.0 S   10.48    4.32  3.90  4.17  4.16    #1-#11:   7%   #2-#11:   6%
2m0753.0031  0.4 W, 0.0 N   10.47    4.78  4.37  4.66  4.77    #1-#11:   6%   #2-#11:   9%
2m0753.0032  0.3 W, 0.1 S   10.48    4.96  4.88  4.70  4.96    #1-#11:  -4%   #2-#11:   2%
2m0753.0033  0.7 W, 0.2 S   10.49    4.83  4.45  4.48  4.80    #1-#11:   1%   #2-#11:   8%
2m0753.0034  0.4 W, 0.0 S   10.49    4.41  3.95  4.15  4.28    #1-#11:   5%   #2-#11:   8%
2m0753.0035  0.1 E, 0.3 S   10.47    5.22  4.93  4.73  4.94    #1-#11:  -4%   #2-#11:   0%
2m0753.0036  0.8 W, 0.2 S   10.47    4.91  4.50  4.71  4.86    #1-#11:   5%   #2-#11:   8%
2m0753.0037  0.6 W, 0.0 N   10.48    4.40  3.75  3.68  3.91    #1-#11:  -2%   #2-#11:   4%
2m0753.0038  0.3 W, 0.2 S   10.49    5.13  4.92  4.83  5.06    #1-#11:  -2%   #2-#11:   3%
2m0753.0039  0.3 W, 0.0 N   10.49    4.33  4.04  4.09  4.18    #1-#11:   1%   #2-#11:   3%
2m0753.0040  0.2 W, 0.1 S   10.48    4.47  3.95  3.79  4.03    #1-#11:  -4%   #2-#11:   2%
2m0753.0041  0.0 E, 0.1 S   10.47    4.78  4.48  4.36  4.58    #1-#11:  -3%   #2-#11:   2%
2m0753.0042  0.4 W, 0.2 S   10.48    4.41  3.97  3.63  4.04    #1-#11:  -9%   #2-#11:   2%
2m0753.0043  0.3 W, 0.2 S   10.49    4.58  3.92  3.79  4.07    #1-#11:  -3%   #2-#11:   4%
2m0753.0044  0.4 W, 0.2 S   10.48    5.03  4.76  4.79  4.86    #1-#11:   1%   #2-#11:   2%
2m0753.0045  0.2 W, 0.2 S   10.47    4.71  4.32  4.14  4.30    #1-#11:  -4%   #2-#11:   0%
2m0753.0046  0.1 W, 0.2 S   10.47    4.48  4.02  4.03  4.26    #1-#11:   0%   #2-#11:   6%
2m0753.0047  0.2 W, 0.1 S   10.48    4.47  4.19  3.87  4.35    #1-#11:  -8%   #2-#11:   4%
2m0753.0048  0.3 W, 0.0 N   10.48    4.61  4.26  4.11  4.24    #1-#11:  -4%   #2-#11:   0%
2m0753.0049  0.4 W, 0.2 S   10.47    4.93  4.57  4.58  4.78    #1-#11:   0%   #2-#11:   4%
2m0753.0050  0.5 W, 0.0 S   10.47    4.28  3.81  3.78  3.94    #1-#11:  -1%   #2-#11:   3%
2m0753.0051  0.1 W, 0.2 S   10.48    4.59  4.10  4.09  4.21    #1-#11:   0%   #2-#11:   3%
2m0753.0052  0.2 W, 0.1 S   10.48    4.98  4.68  4.59  4.82    #1-#11:  -2%   #2-#11:   3%
2m0753.0053  0.1 W, 0.1 S   10.48    4.71  4.46  4.32  4.62    #1-#11:  -3%   #2-#11:   4%
2m0753.0054  0.1 E, 0.3 S   10.47    4.58  4.28  4.16  4.30    #1-#11:  -3%   #2-#11:   0%
2m0753.0055  0.5 W, 0.2 S   10.47    4.93  4.53  4.55  4.74    #1-#11:   0%   #2-#11:   5%
2m0753.0056  0.5 W, 0.0 S   10.48    5.02  4.75  4.72  4.76    #1-#11:  -1%   #2-#11:   0%
2m0753.0057  0.1 W, 0.1 S   10.49    4.19  3.89  3.91  3.96    #1-#11:   1%   #2-#11:   2%
2m0753.0058  0.4 W, 0.1 S   10.47    5.17  4.83  4.65  4.91    #1-#11:  -4%   #2-#11:   2%
2m0753.0059  0.2 E, 0.0 S   10.47    4.82  4.44  4.25  4.52    #1-#11:  -4%   #2-#11:   2%
2m0753.0060  0.2 E, 0.1 S   10.47    4.91  4.42  4.59  4.74    #1-#11:   4%   #2-#11:   7%
2m0753.0061  0.6 W, 0.1 N   10.48    4.96  4.68  4.56  4.80    #1-#11:  -3%   #2-#11:   3%
2m0753.0062  0.2 W, 0.2 S   10.48    4.66  4.27  4.20  4.30    #1-#11:  -2%   #2-#11:   1%
2m0753.0063  0.0 E, 0.0 S   10.48    4.41  4.16  4.17  4.27    #1-#11:   0%   #2-#11:   3%
2m0753.0064  0.5 W, 0.0 S   10.46    4.56  4.36  4.32  4.29    #1-#11:  -1%   #2-#11:  -2%
2m0753.0065  0.1 E, 0.3 S   10.47    4.66  4.37  4.12  4.50    #1-#11:  -6%   #2-#11:   3%
2m0753.0066  0.2 E, 0.1 S   10.49    4.48  3.90  4.23  4.44    #1-#11:   8%   #2-#11:  13%
2m0753.0067  0.3 W, 0.0 N   10.48    4.86  4.66  4.46  4.62    #1-#11:  -4%   #2-#11:  -1%
2m0753.0068  0.3 W, 0.1 S   10.47    4.62  4.12  4.17  4.26    #1-#11:   1%   #2-#11:   3%
2m0753.0069  0.2 E, 0.1 S   10.46    4.56  4.30  4.14  4.38    #1-#11:  -4%   #2-#11:   2%
2m0753.0070  0.8 W, 0.0 N   10.47    4.98  4.68  4.69  5.07    #1-#11:   0%   #2-#11:   8%
2m0753.0071  0.0 W, 0.2 S   10.49    4.65  4.20  4.21  4.36    #1-#11:   0%   #2-#11:   4%
2m0753.0072  0.3 E, 0.2 S   10.48    4.85  4.51  4.35  4.78    #1-#11:  -4%   #2-#11:   6%
2m0753.0073  0.6 W, 0.2 S   10.47    3.99  3.56  3.43  3.69    #1-#11:  -4%   #2-#11:   4%
2m0753.0074  0.5 W, 0.1 N   10.46    4.70  4.41  4.23  4.49    #1-#11:  -4%   #2-#11:   2%
2m0753.0075  0.0 E, 0.1 N   10.47    4.99  4.62  4.48  4.67    #1-#11:  -3%   #2-#11:   1%
2m0753.0076  0.6 W, 0.1 S   10.48    4.84  4.48  4.37  4.52    #1-#11:  -2%   #2-#11:   1%
2m0753.0077  0.3 W, 0.2 S   10.48    4.59  4.11  3.96  4.31    #1-#11:  -4%   #2-#11:   5%
2m0753.0078  0.0 W, 0.0 S   10.46    4.90  4.57  4.47  4.86    #1-#11:  -2%   #2-#11:   6%
2m0753.0079  0.8 W, 0.1 S   10.47    4.35  3.91  4.01  3.97    #1-#11:   3%   #2-#11:   2%
2m0753.0080  0.6 W, 0.2 S   10.48    4.31  3.76  3.82  3.84    #1-#11:   2%   #2-#11:   2%
2m0753.0081  0.2 W, 0.1 S   10.49    4.36  4.24  4.36  4.28    #1-#11:   3%   #2-#11:   1%
2m0753.0082  0.6 W, 0.1 S   10.47    5.02  4.62  4.60  4.65    #1-#11:   0%   #2-#11:   1%
2m0753.0083  0.4 W, 0.2 S   10.46    4.48  4.09  4.06  4.15    #1-#11:  -1%   #2-#11:   1%
2m0753.0084  0.1 W, 0.1 S   10.46    5.03  4.59  4.58  4.84    #1-#11:   0%   #2-#11:   5%
2m0753.0085  0.5 W, 0.3 S   10.48    4.46  4.07  4.05  4.15    #1-#11:   0%   #2-#11:   2%
2m0753.0086  0.4 W, 0.0 S   10.49    4.25  3.69  3.72  3.82    #1-#11:   1%   #2-#11:   3%
2m0753.0087  0.3 W, 0.1 S   10.47    4.93  4.69  4.68  4.89    #1-#11:   0%   #2-#11:   4%
2m0753.0088  0.1 W, 0.2 S   10.46    4.22  3.77  3.74  3.88    #1-#11:  -1%   #2-#11:   3%
2m0753.0089  0.3 W, 0.0 N   10.47    4.50  4.04  4.17  4.21    #1-#11:   3%   #2-#11:   4%
2m0753.0090  0.1 E, 0.1 S   10.48    4.70  4.32  4.41  4.57    #1-#11:   2%   #2-#11:   6%
2m0753.0091  0.1 W, 0.0 S   10.48    4.58  4.31  4.25  4.40    #1-#11:  -1%   #2-#11:   2%
2m0753.0092  0.2 W, 0.0 N   10.47    4.36  3.98  4.08  3.99    #1-#11:   2%   #2-#11:   0%
2m0753.0093  0.2 W, 0.0 S   10.45    4.75  4.58  4.43  4.53    #1-#11:  -3%   #2-#11:  -1%
2m0753.0094  0.0 W, 0.0 N   10.47    4.47  3.90  4.06  4.14    #1-#11:   4%   #2-#11:   6%
2m0753.0095  0.1 E, 0.2 S   10.48    4.38  3.99  3.68  3.83    #1-#11:  -8%   #2-#11:  -4%
2m0753.0096  0.1 W, 0.0 S   10.48    4.51  4.14  4.16  4.15    #1-#11:   0%   #2-#11:   0%
2m0753.0097  0.1 W, 0.0 S   10.46    4.54  4.11  3.73  4.06    #1-#11: -10%   #2-#11:  -1%
2m0753.0098  0.2 W, 0.1 S   10.46    4.39  3.99  3.65  4.14    #1-#11:  -9%   #2-#11:   4%
2m0753.0099  0.3 W, 0.0 S   10.47    5.01  4.69  4.47  4.75    #1-#11:  -5%   #2-#11:   1%
2m0753.0100  0.1 E, 0.1 S   10.48    4.48  4.10  3.78  4.02    #1-#11:  -8%   #2-#11:  -2%
2m0753.0101  0.1 W, 0.0 S   10.48    4.49  3.99  4.16  4.16    #1-#11:   4%   #2-#11:   4%
2m0753.0102  0.2 E, 0.1 S   10.46    4.66  4.32  4.29  4.46    #1-#11:  -1%   #2-#11:   3%
2m0753.0103  0.2 E, 0.0 S   10.46    4.05  3.49  3.55  3.67    #1-#11:   2%   #2-#11:   5%
2m0753.0104  0.1 W, 0.1 N   10.47    4.42  4.11  4.01  4.02    #1-#11:  -2%   #2-#11:  -2%
2m0753.0105  0.5 W, 0.1 S   10.48    4.69  4.44  4.34  4.64    #1-#11:  -2%   #2-#11:   4%
2m0753.0106  0.2 E, 0.0 S   10.48    4.27  3.67  3.69  3.83    #1-#11:   1%   #2-#11:   4%
2m0753.0107  0.3 W, 0.1 S   10.46    4.37  4.07  4.16  4.31    #1-#11:   2%   #2-#11:   6%
2m0753.0108  0.1 E, 0.0 S   10.46    4.14  3.61  3.66  3.77    #1-#11:   1%   #2-#11:   4%
2m0753.0109  0.4 E, 0.0 N   10.47    4.44  4.35  4.41  4.37    #1-#11:   1%   #2-#11:   0%
2m0753.0110  0.1 W, 0.0 N   10.47    4.70  4.17  4.00  4.25    #1-#11:  -4%   #2-#11:   2%
2m0753.0111  0.2 W, 0.1 S   10.47    4.24  3.84  3.63  4.08    #1-#11:  -6%   #2-#11:   6%
2m0753.0112  0.2 E, 0.0 N   10.46    4.40  3.94  3.94  4.12    #1-#11:   0%   #2-#11:   4%
2m0753.0113  0.2 W, 0.1 S   10.46    4.68  4.26  4.21  4.40    #1-#11:  -1%   #2-#11:   3%
2m0753.0114  0.2 E, 0.1 S   10.47    4.54  4.12  4.19  4.13    #1-#11:   2%   #2-#11:   0%
2m0753.0115  0.5 E, 0.0 N   10.47    4.49  3.99  4.00  4.23    #1-#11:   0%   #2-#11:   6%
2m0753.0116  0.3 W, 0.0 N   10.47    4.38  4.09  4.10  4.12    #1-#11:   0%   #2-#11:   1%
2m0753.0117  0.2 W, 0.1 S   10.46    4.62  4.10  3.98  4.16    #1-#11:  -3%   #2-#11:   1%
2m0753.0118  0.6 E, 0.0 S   10.47    4.38  3.85  3.98  4.20    #1-#11:   3%   #2-#11:   9%
2m0753.0119  0.3 W, 0.1 S   10.47    4.30  4.15  4.17  4.13    #1-#11:   0%   #2-#11:   0%
2m0753.0120  0.2 E, 0.1 N   10.47    4.29  3.94  4.02  4.27    #1-#11:   2%   #2-#11:   8%
2m0753.0121  0.3 E, 0.0 S   10.47    3.99  3.70  3.78  3.93    #1-#11:   2%   #2-#11:   6%
2m0753.0122  0.4 W, 0.2 S   10.46    4.38  4.05  3.96  3.94    #1-#11:  -2%   #2-#11:  -3%
2m0753.0123  0.1 W, 0.1 N   10.47    4.12  3.69  3.60  3.82    #1-#11:  -2%   #2-#11:   3%
2m0753.0124  0.4 E, 0.1 N   10.47    4.55  4.16  4.02  4.16    #1-#11:  -3%   #2-#11:   0%
2m0753.0125  0.3 W, 0.1 S   10.47    4.37  3.84  3.84  4.15    #1-#11:   0%   #2-#11:   8%
2m0753.0126  0.1 E, 0.1 N   10.46    4.38  3.91  3.77  3.92    #1-#11:  -4%   #2-#11:   0%
2m0753.0127  0.4 E, 0.1 N   10.46    4.38  3.88  4.08  3.99    #1-#11:   5%   #2-#11:   3%
2m0753.0128  0.4 W, 0.1 N   10.47    3.97  3.62  3.47  3.82    #1-#11:  -4%   #2-#11:   5%
2m0753.0129  0.1 W, 0.2 S   10.48    4.04  3.49  3.46  3.64    #1-#11:  -1%   #2-#11:   4%
2m0753.0130  0.3 E, 0.1 N   10.46    4.33  3.81  3.63  4.12    #1-#11:  -5%   #2-#11:   8%
2m0753.0131  0.5 W, 0.1 S   10.46    4.36  4.02  3.98  4.00    #1-#11:  -1%   #2-#11:   0%
2m0753.0132  0.0 W, 0.1 S   10.47    4.22  3.75  4.00  3.98    #1-#11:   6%   #2-#11:   6%
2m0753.0133  0.1 E, 0.1 N   10.46    4.84  4.31  4.20  4.43    #1-#11:  -3%   #2-#11:   3%
2m0753.0134  0.4 W, 0.1 N   10.47    4.00  3.53  3.47  3.57    #1-#11:  -2%   #2-#11:   1%
2m0753.0135  0.1 W, 0.0 S   10.46    4.30  3.91  3.72  3.96    #1-#11:  -5%   #2-#11:   1%
2m0753.0136  0.1 E, 0.3 S   10.45    4.76  4.52  4.43  4.58    #1-#11:  -2%   #2-#11:   1%
2m0753.0137  0.2 W, 0.1 S   10.46    4.66  4.34  4.28  4.45    #1-#11:  -1%   #2-#11:   3%
2m0753.0138  0.2 W, 0.2 S   10.47    4.30  3.83  3.64  3.77    #1-#11:  -5%   #2-#11:  -2%
2m0753.0139  0.0 E, 0.2 N   10.47    4.44  4.02  3.83  4.11    #1-#11:  -5%   #2-#11:   2%
2m0753.0140  0.3 W, 0.2 S   10.46    4.50  4.04  4.22  4.17    #1-#11:   4%   #2-#11:   3%
2m0753.0141  0.2 W, 0.0 N   10.46    4.28  3.81  3.88  3.91    #1-#11:   2%   #2-#11:   3%
2m0753.0142  0.2 W, 0.0 N   10.46    5.04  4.96  4.87  4.90    #1-#11:  -2%   #2-#11:  -1%
2m0753.0143  0.2 W, 0.0 S   10.47    4.62  4.27  4.27  4.28    #1-#11:   0%   #2-#11:   0%
2m0753.0144  0.0 W, 0.0 S   10.46    4.26  3.91  3.50  3.96    #1-#11: -11%   #2-#11:   1%
2m0753.0145  0.0 W, 0.1 S   10.46    4.46  4.23  3.99  4.33    #1-#11:  -6%   #2-#11:   2%
2m0753.0146  0.2 W, 0.1 N   10.46    4.08  3.66  3.70  3.78    #1-#11:   1%   #2-#11:   3%
2m0753.0147  0.4 W, 0.0 S   10.47    4.29  4.00  4.08  3.98    #1-#11:   2%   #2-#11:  -1%
2m0753.0148  0.3 W, 0.1 N   10.47    4.45  3.71  3.84  4.20    #1-#11:   3%   #2-#11:  12%
2m0753.0149  0.2 W, 0.0 S   10.46    4.27  3.90  3.51  3.84    #1-#11: -11%   #2-#11:  -2%
2m0753.0150  0.1 E, 0.2 S   10.46    4.11  3.97  3.63  3.91    #1-#11:  -9%   #2-#11:  -2%
2m0753.0151  0.0 E, 0.1 S   10.46    4.37  3.86  4.20  4.31    #1-#11:   8%   #2-#11:  11%
2m0753.0152  0.0 E, 0.2 S   10.47    4.66  4.16  4.21  4.46    #1-#11:   1%   #2-#11:   7%
2m0753.0153  0.2 W, 0.1 N   10.47    4.23  3.72  4.02  4.06    #1-#11:   8%   #2-#11:   9%
2m0753.0154  0.3 W, 0.1 N   10.46    4.16  3.54  3.70  3.63    #1-#11:   4%   #2-#11:   3%
2m0753.0155  0.0 E, 0.0 N   10.45    4.16  3.73  3.89  4.02    #1-#11:   4%   #2-#11:   7%
2m0753.0156  0.1 W, 0.2 S   10.46    4.30  3.99  3.87  4.08    #1-#11:  -3%   #2-#11:   2%
2m0753.0157  0.1 E, 0.1 S   10.47    4.41  4.08  3.95  4.07    #1-#11:  -3%   #2-#11:   0%
2m0753.0158  0.2 W, 0.1 N   10.47    4.46  4.10  3.90  4.25    #1-#11:  -5%   #2-#11:   4%
2m0753.0159  0.2 W, 0.1 S   10.46    4.23  3.77  3.74  3.97    #1-#11:  -1%   #2-#11:   5%
2m0753.0160  0.3 W, 0.1 N   10.45    4.15  3.89  3.73  3.82    #1-#11:  -4%   #2-#11:  -2%
2m0753.0161  0.1 E, 0.2 N   10.46    4.17  3.71  3.82  4.00    #1-#11:   3%   #2-#11:   8%
2m0753.0162  0.2 W, 0.1 S   10.47    4.64  4.10  4.05  4.27    #1-#11:  -1%   #2-#11:   4%
2m0753.0163  0.2 E, 0.1 S   10.47    4.47  4.09  3.93  4.28    #1-#11:  -4%   #2-#11:   5%
2m0753.0164  0.2 E, 0.0 S   10.46    4.07  3.62  3.46  3.70    #1-#11:  -5%   #2-#11:   2%
2m0753.0165  0.1 W, 0.1 N   10.45    4.27  3.98  3.86  3.99    #1-#11:  -3%   #2-#11:   0%
2m0753.0166  0.2 W, 0.0 N   10.46    4.27  3.70  3.61  3.69    #1-#11:  -2%   #2-#11:   0%
2m0753.0167  0.3 E, 0.2 S   10.47    3.93  3.54  3.31  3.54    #1-#11:  -7%   #2-#11:   0%
2m0753.0168  0.2 W, 0.0 N   10.47    4.24  3.90  3.59  3.81    #1-#11:  -8%   #2-#11:  -2%
2m0753.0169  0.2 E, 0.2 S   10.46    4.02  3.58  3.41  3.57    #1-#11:  -5%   #2-#11:   0%
2m0753.0170  0.1 E, 0.0 S   10.45    4.24  3.96  3.91  4.14    #1-#11:  -1%   #2-#11:   4%
2m0753.0171  0.3 W, 0.1 S   10.46    4.22  3.52  3.72  3.75    #1-#11:   6%   #2-#11:   6%
2m0753.0172  0.2 W, 0.0 N   10.47    3.95  3.59  3.60  3.66    #1-#11:   0%   #2-#11:   2%
2m0753.0173  0.2 E, 0.1 N   10.46    4.46  4.18  4.18  4.31    #1-#11:   0%   #2-#11:   3%
2m0753.0174  0.3 W, 0.1 S   10.45    4.02  3.88  3.54  3.75    #1-#11:  -9%   #2-#11:  -3%
2m0753.0175  0.1 E, 0.0 S   10.45    4.34  3.94  4.14  4.14    #1-#11:   5%   #2-#11:   5%
2m0753.0176  0.4 E, 0.1 N   10.47    3.98  3.74  3.93  3.78    #1-#11:   5%   #2-#11:   1%
2m0753.0177  0.5 W, 0.2 N   10.47    4.46  4.12  4.14  4.35    #1-#11:   0%   #2-#11:   5%
2m0753.0178  0.2 W, 0.0 N   10.46    4.49  4.07  4.02  4.21    #1-#11:  -1%   #2-#11:   3%
2m0753.0179  0.5 E, 0.1 S   10.45    4.54  4.15  4.20  4.27    #1-#11:   1%   #2-#11:   3%
2m0753.0180  0.5 W, 0.1 S   10.46    3.99  3.64  3.56  3.61    #1-#11:  -2%   #2-#11:  -1%
2m0753.0181  0.0 E, 0.1 N   10.46    4.12  3.65  3.66  3.74    #1-#11:   0%   #2-#11:   2%
2m0753.0182  0.2 E, 0.1 N   10.47    3.78  3.61  3.68  3.66    #1-#11:   2%   #2-#11:   1%
2m0753.0183  0.5 W, 0.1 N   10.46    4.14  3.75  3.60  3.74    #1-#11:  -4%   #2-#11:   0%
2m0753.0184  0.2 W, 0.1 N   10.45    3.87  3.54  3.40  3.65    #1-#11:  -4%   #2-#11:   3%
2m0753.0185  0.4 E, 0.0 N   10.45    4.49  4.16  3.88  4.43    #1-#11:  -7%   #2-#11:   6%
2m0753.0186  0.5 W, 0.1 N   10.46    4.33  3.93  4.06  4.20    #1-#11:   3%   #2-#11:   7%
2m0753.0187  0.1 W, 0.0 N   10.47    3.67  3.42  3.30  3.41    #1-#11:  -4%   #2-#11:   0%
2m0753.0188  0.1 E, 0.1 N   10.45    4.42  3.82  4.05  4.34    #1-#11:   6%   #2-#11:  13%
2m0753.0189  0.5 W, 0.2 S   10.46    3.86  3.60  3.69  3.69    #1-#11:   2%   #2-#11:   2%
2m0753.0190  0.3 W, 0.1 N   10.46    3.99  3.54  3.50  3.73    #1-#11:  -1%   #2-#11:   5%
2m0753.0191  0.2 W, 0.0 N   10.46    4.97  4.42  4.71  4.92    #1-#11:   6%   #2-#11:  11%
2m0753.0192  0.7 W, 0.0 N   10.47    3.80  3.65  3.48  3.68    #1-#11:  -5%   #2-#11:   1%
2m0753.0193  0.1 W, 0.0 S   10.46    3.75  3.40  3.62  3.54    #1-#11:   6%   #2-#11:   4%
2m0753.0194  0.2 E, 0.0 N   10.45    4.52  4.19  4.18  4.60    #1-#11:   0%   #2-#11:   9%
2m0753.0195  0.5 W, 0.2 N   10.46    4.16  3.57  3.60  3.89    #1-#11:   1%   #2-#11:   9%
2m0753.0196  0.3 W, 0.2 N   10.47    3.95  3.48  3.51  3.71    #1-#11:   1%   #2-#11:   6%
2m0753.0197  0.3 W, 0.3 N   10.45    5.32  5.15  4.97  5.08    #1-#11:  -4%   #2-#11:  -1%
2m0753.0198  0.2 W, 0.1 N   10.45    4.52  4.14  4.21  4.50    #1-#11:   2%   #2-#11:   8%
2m0753.0199  0.0 W, 0.0 S   10.46    3.73  3.44  3.39  3.59    #1-#11:  -1%   #2-#11:   4%
2m0753.0200  0.0 E, 0.1 N   10.47    4.31  3.97  3.92  4.17    #1-#11:  -1%   #2-#11:   5%
2m0753.0201  0.3 W, 0.1 N   10.47    4.16  3.78  3.89  3.98    #1-#11:   3%   #2-#11:   5%
2m0753.0202  0.2 W, 0.2 N   10.46    4.14  3.84  3.87  3.91    #1-#11:   1%   #2-#11:   2%
2m0753.0203  0.4 W, 0.1 N   10.45    4.43  4.18  4.17  4.34    #1-#11:   0%   #2-#11:   4%
2m0753.0204  0.2 W, 0.1 N   10.46    4.42  3.86  3.97  4.35    #1-#11:   3%   #2-#11:  12%
2m0753.0205  0.1 W, 0.1 N   10.47    3.93  3.60  3.59  3.67    #1-#11:   0%   #2-#11:   2%
2m0753.0206  0.1 W, 0.1 N   10.46    4.35  4.10  4.12  4.42    #1-#11:   0%   #2-#11:   8%
2m0753.0207  0.1 W, 0.1 N   10.45    4.04  3.66  3.71  3.87    #1-#11:   1%   #2-#11:   6%
2m0753.0208  0.2 W, 0.0 S   10.44    4.58  4.28  4.34  4.48    #1-#11:   1%   #2-#11:   5%
2m0753.0209  0.2 W, 0.0 S   10.47    4.03  3.70  3.73  3.91    #1-#11:   1%   #2-#11:   6%
2m0753.0210  0.1 E, 0.2 N   10.47    3.87  3.42  3.54  3.64    #1-#11:   3%   #2-#11:   6%
2m0753.0211  0.2 E, 0.1 S   10.46    4.18  4.04  3.61  3.87    #1-#11: -11%   #2-#11:  -4%
2m0753.0212  0.1 E, 0.1 N   10.45    4.54  4.34  4.22  4.52    #1-#11:  -3%   #2-#11:   4%
2m0753.0213  0.2 E, 0.1 N   10.46    3.77  3.48  3.29  3.50    #1-#11:  -6%   #2-#11:   1%
2m0753.0214  0.2 W, 0.0 N   10.47    4.24  3.97  3.97  4.15    #1-#11:   0%   #2-#11:   4%
2m0753.0215  0.2 W, 0.1 N   10.48    3.90  3.60  3.45  3.63    #1-#11:  -4%   #2-#11:   1%
2m0753.0216  0.1 E, 0.0 S   10.46    3.72  3.52  3.39  3.53    #1-#11:  -4%   #2-#11:   0%
2m0753.0217  0.0 W, 0.2 N   10.45    4.22  3.89  3.53  4.02    #1-#11: -10%   #2-#11:   3%
2m0753.0218  0.2 E, 0.1 N   10.45    4.48  3.99  3.77  4.31    #1-#11:  -6%   #2-#11:   8%
2m0753.0219  0.2 E, 0.1 S   10.47    4.04  3.98  3.69  3.88    #1-#11:  -8%   #2-#11:  -3%
2m0753.0220  0.2 W, 0.1 N   10.47    4.26  3.73  3.64  4.01    #1-#11:  -2%   #2-#11:   7%
2m0753.0221  0.1 W, 0.0 S   10.45    4.33  4.25  3.53  3.68    #1-#11: -19%   #2-#11: -14%
2m0753.0222  0.7 E, 0.2 N   10.45    3.95  3.64  3.76  4.03    #1-#11:   3%   #2-#11:  10%
2m0753.0223  0.4 W, 0.1 N   10.46    4.52  4.27  4.42  4.51    #1-#11:   3%   #2-#11:   5%
2m0753.0224  0.1 E, 0.1 N   10.47    4.09  3.75  3.51  3.73    #1-#11:  -7%   #2-#11:  -1%
2m0753.0225  0.4 E, 0.2 N   10.46    4.69  4.51  4.18  4.46    #1-#11:  -8%   #2-#11:  -1%
2m0753.0226  0.3 W, 0.1 S   10.44    4.55  4.24  4.25  4.38    #1-#11:   0%   #2-#11:   3%
2m0753.0227  0.1 W, 0.0 S   10.45    3.60  3.40  3.46  3.58    #1-#11:   2%   #2-#11:   5%
2m0753.0228  0.3 E, 0.1 N   10.46    3.90  3.68  3.67  3.57    #1-#11:   0%   #2-#11:  -3%
2m0753.0229  0.3 W, 0.1 N   10.48    3.96  3.61  3.41  3.64    #1-#11:  -6%   #2-#11:   1%
2m0753.0230  0.0 E, 0.2 N   10.47    3.55  3.31  3.17  3.37    #1-#11:  -4%   #2-#11:   2%
2m0753.0231  0.3 E, 0.2 N   10.45    3.98  3.81  3.47  3.93    #1-#11:  -9%   #2-#11:   3%
2m0753.0232  0.6 W, 0.1 N   10.44    4.29  4.31  3.99  3.93    #1-#11:  -8%   #2-#11:  -9%
2m0753.0233  0.2 W, 0.1 N   10.46    3.84  3.49  3.51  3.70    #1-#11:   1%   #2-#11:   6%
2m0753.0234  0.2 E, 0.2 N   10.47    4.11  3.64  3.68  3.98    #1-#11:   1%   #2-#11:   9%
2m0753.0235  0.6 W, 0.0 N   10.47    3.42  3.27  3.10  3.08    #1-#11:  -5%   #2-#11:  -6%
2m0753.0236  0.1 E, 0.1 N   10.44    4.17  4.00  3.97  4.08    #1-#11:  -1%   #2-#11:   2%
2m0753.0237  0.3 E, 0.0 S   10.45    4.41  4.03  4.08  4.32    #1-#11:   1%   #2-#11:   7%
2m0753.0238  0.5 W, 0.1 N   10.46    4.18  3.90  3.70  3.91    #1-#11:  -5%   #2-#11:   0%
2m0753.0239  0.3 W, 0.0 N   10.47    4.71  4.37  4.34  4.52    #1-#11:  -1%   #2-#11:   3%
2m0753.0240  0.3 E, 0.0 N   10.45    5.00  4.77  4.46  4.68    #1-#11:  -7%   #2-#11:  -2%
2m0753.0241  0.4 W, 0.0 N   10.45    4.25  4.02  3.55  3.94    #1-#11: -12%   #2-#11:  -2%
2m0753.0242  0.1 W, 0.2 N   10.45    4.34  4.12  3.99  4.13    #1-#11:  -3%   #2-#11:   0%
2m0753.0243  0.2 E, 0.1 S   10.46    4.60  4.43  4.26  4.33    #1-#11:  -4%   #2-#11:  -2%
2m0753.0244  0.4 W, 0.0 N   10.48    3.67  3.51  3.39  3.49    #1-#11:  -3%   #2-#11:  -1%
2m0753.0245  0.5 W, 0.2 N   10.45    4.55  4.30  4.25  4.42    #1-#11:  -1%   #2-#11:   3%
2m0753.0246  0.1 E, 0.1 S   10.43    5.40  5.23  4.98  4.99    #1-#11:  -5%   #2-#11:  -5%
2m0753.0247  0.3 W, 0.2 N   10.45    4.55  4.04  4.01  4.39    #1-#11:  -1%   #2-#11:   8%
2m0753.0248  0.0 W, 0.0 S   10.46    4.57  4.28  4.00  4.32    #1-#11:  -7%   #2-#11:   1%
2m0753.0249  0.2 E, 0.0 N   10.47    4.36  4.18  4.14  4.10    #1-#11:  -1%   #2-#11:  -2%
2m0753.0250  0.2 W, 0.2 N   10.45    4.59  4.36  3.99  4.47    #1-#11:  -9%   #2-#11:   2%
2m0753.0251  0.2 W, 0.0 S   10.45    4.14  3.72  3.60  3.65    #1-#11:  -3%   #2-#11:  -2%
2m0753.0252  0.3 W, 0.2 N   10.45    5.24  5.15  4.98  5.01    #1-#11:  -3%   #2-#11:  -3%
2m0753.0253  0.2 W, 0.0 S   10.46    4.38  3.96  3.89  4.18    #1-#11:  -2%   #2-#11:   5%
2m0753.0254  0.1 W, 0.2 N   10.47    4.10  3.69  3.70  3.67    #1-#11:   0%   #2-#11:  -1%
2m0753.0255  0.1 W, 0.2 N   10.46    3.80  3.46  3.53  3.66    #1-#11:   2%   #2-#11:   6%
2m0753.0256  0.2 W, 0.2 N   10.45    4.43  4.11  3.95  4.09    #1-#11:  -4%   #2-#11:   0%
2m0753.0257  0.2 W, 0.0 N   10.46    4.46  4.24  3.93  4.12    #1-#11:  -8%   #2-#11:  -3%
2m0753.0258  0.5 W, 0.0 S   10.46    5.08  5.01  4.84  4.80    #1-#11:  -3%   #2-#11:  -4%
2m0753.0259  0.1 W, 0.1 S   10.46    4.52  4.45  4.18  4.26    #1-#11:  -6%   #2-#11:  -4%
2m0753.0260  0.1 W, 0.1 N   10.45    4.56  4.21  3.86  4.14    #1-#11:  -9%   #2-#11:  -2%
2m0753.0261  0.0 W, 0.2 N   10.45    4.39  4.09  3.82  4.12    #1-#11:  -7%   #2-#11:   1%
2m0753.0262  0.2 W, 0.0 S   10.47    3.69  3.39  3.16  3.22    #1-#11:  -7%   #2-#11:  -5%
2m0753.0263  0.2 W, 0.1 N   10.47    4.34  3.98  3.75  4.06    #1-#11:  -6%   #2-#11:   2%
2m0753.0264  0.4 W, 0.0 S   10.46    4.38  3.94  3.94  4.15    #1-#11:   0%   #2-#11:   5%
2m0753.0265  0.1 E, 0.0 N   10.46    3.48  3.14  3.17  3.29    #1-#11:   1%   #2-#11:   5%
2m0753.0266  0.3 W, 0.0 S   10.46    3.69  3.43  3.37  3.38    #1-#11:  -2%   #2-#11:  -1%
2m0753.0267  0.3 W, 0.1 N   10.47    4.18  3.95  3.79  3.98    #1-#11:  -4%   #2-#11:   1%
2m0753.0268  0.1 E, 0.0 N   10.46    4.51  4.31  4.40  4.54    #1-#11:   2%   #2-#11:   5%
2m0753.0269  0.4 W, 0.1 N   10.45    4.34  4.05  4.17  4.28    #1-#11:   3%   #2-#11:   6%
2m0753.0270  0.4 W, 0.1 N   10.46    4.00  3.50  3.54  3.83    #1-#11:   1%   #2-#11:   9%
2m0753.0271  0.1 E, 0.2 S   10.46    4.32  4.14  4.10  4.07    #1-#11:  -1%   #2-#11:  -2%
2m0753.0272  0.3 W, 0.1 S   10.46    4.28  3.91  3.61  4.14    #1-#11:  -8%   #2-#11:   6%
2m0753.0273  0.1 W, 0.0 N   10.46    3.78  3.48  3.46  3.67    #1-#11:  -1%   #2-#11:   5%
2m0753.0274  0.2 E, 0.1 N   10.45    4.22  3.92  3.83  4.15    #1-#11:  -2%   #2-#11:   6%
2m0753.0275  0.4 W, 0.0 N   10.46    3.96  3.70  3.59  3.76    #1-#11:  -3%   #2-#11:   2%
2m0753.0276  0.4 W, 0.0 S   10.47    3.78  3.66  3.42  3.53    #1-#11:  -7%   #2-#11:  -4%
2m0753.0277  0.2 E, 0.2 N   10.47    3.73  3.45  3.45  3.49    #1-#11:   0%   #2-#11:   1%
2m0753.0278  0.4 W, 0.2 N   10.46    4.14  3.75  3.77  3.86    #1-#11:   1%   #2-#11:   3%
2m0753.0279  0.2 E, 0.0 S   10.46    3.53  3.36  3.30  3.48    #1-#11:  -2%   #2-#11:   4%
2m0753.0280  0.2 E, 0.1 N   10.46    3.95  3.55  3.45  3.49    #1-#11:  -3%   #2-#11:  -2%
2m0753.0281  0.9 W, 0.0 N   10.46    4.42  4.13  4.04  4.21    #1-#11:  -2%   #2-#11:   2%
2m0753.0282  0.2 W, 0.0 N   10.47    3.57  3.33  3.12  3.28    #1-#11:  -7%   #2-#11:  -2%
2m0753.0283  0.3 E, 0.2 N   10.45    4.22  3.74  3.50  4.04    #1-#11:  -7%   #2-#11:   8%
2m0753.0284  0.6 W, 0.0 N   10.45    3.87  3.64  3.48  3.55    #1-#11:  -4%   #2-#11:  -3%
2m0753.0285  0.2 W, 0.2 N   10.46    4.48  4.31  4.02  4.29    #1-#11:  -7%   #2-#11:   0%
2m0753.0286  0.2 E, 0.2 N   10.46    4.42  4.16  3.74  4.18    #1-#11: -11%   #2-#11:   0%
2m0753.0287  0.4 W, 0.0 N   10.46    4.24  3.98  3.76  3.95    #1-#11:  -6%   #2-#11:  -1%
2m0753.0288  0.2 W, 0.2 N   10.45    4.04  3.69  3.65  3.92    #1-#11:  -1%   #2-#11:   6%
2m0753.0289  0.0 E, 0.0 N   10.45    3.92  3.45  3.53  3.77    #1-#11:   2%   #2-#11:   9%
2m0753.0290  0.8 W, 0.2 N   10.46    4.16  3.78  4.00  3.96    #1-#11:   6%   #2-#11:   5%
2m0753.0291  0.1 W, 0.1 N   10.47    3.92  3.50  3.57  3.85    #1-#11:   2%   #2-#11:  10%
2m0753.0292  0.2 E, 0.1 N   10.46    4.42  3.93  4.05  4.28    #1-#11:   3%   #2-#11:   9%
2m0753.0293  0.5 W, 0.2 N   10.45    4.12  3.83  3.73  3.86    #1-#11:  -3%   #2-#11:   1%
2m0753.0294  0.8 W, 0.2 N   10.45    4.25  3.74  3.87  4.02    #1-#11:   3%   #2-#11:   7%
2m0753.0295  0.0 W, 0.0 N   10.46    4.52  4.28  4.17  4.18    #1-#11:  -3%   #2-#11:  -2%
2m0753.0296  0.5 W, 0.1 N   10.47    3.78  3.59  3.42  3.40    #1-#11:  -5%   #2-#11:  -5%
2m0753.0297  0.3 W, 0.0 N   10.46    3.73  3.60  3.13  3.46    #1-#11: -14%   #2-#11:  -4%
2m0753.0298  0.2 E, 0.2 N   10.45    4.41  3.74  4.00  4.40    #1-#11:   7%   #2-#11:  16%
2m0753.0299  0.2 W, 0.1 N   10.46    3.81  3.79  3.46  3.56    #1-#11:  -9%   #2-#11:  -6%
2m0753.0300  0.3 W, 0.2 N   10.46    4.08  3.50  3.80  4.10    #1-#11:   8%   #2-#11:  16%
2m0753.0301  0.0 W, 0.1 N   10.46    5.16  4.83  4.88  4.90    #1-#11:   1%   #2-#11:   1%
2m0753.0302  0.2 W, 0.1 N   10.46    4.23  4.01  4.20  4.14    #1-#11:   5%   #2-#11:   3%
2m0753.0303  0.1 W, 0.2 N   10.45    4.14  3.72  3.76  3.91    #1-#11:   1%   #2-#11:   5%
2m0753.0304  0.2 E, 0.2 N   10.45    4.55  4.29  4.27  4.39    #1-#11:   0%   #2-#11:   2%
2m0753.0305  0.2 W, 0.2 N   10.46    4.67  4.35  4.49  4.43    #1-#11:   3%   #2-#11:   2%
2m0753.0306  0.1 W, 0.2 N   10.47    4.52  4.20  4.23  4.40    #1-#11:   1%   #2-#11:   5%
2m0753.0307  0.1 E, 0.2 N   10.46    4.27  4.09  3.98  4.26    #1-#11:  -3%   #2-#11:   4%
2m0753.0308  0.1 E, 0.1 N   10.45    4.17  3.86  3.93  4.02    #1-#11:   2%   #2-#11:   4%
2m0753.0309  0.2 W, 0.1 N   10.46    4.40  4.12  4.10  4.31    #1-#11:   0%   #2-#11:   5%
2m0753.0310  0.2 E, 0.2 N   10.46    4.24  3.94  3.96  3.98    #1-#11:   1%   #2-#11:   1%
2m0753.0311  0.0 W, 0.2 N   10.46    4.36  3.85  3.85  4.44    #1-#11:   0%   #2-#11:  14%
2m0753.0312  0.2 W, 0.1 N   10.46    3.76  3.45  3.34  3.60    #1-#11:  -3%   #2-#11:   4%
2m0753.0313  0.3 W, 0.1 N   10.45    4.14  3.61  3.72  3.82    #1-#11:   3%   #2-#11:   6%
2m0753.0314  0.1 E, 0.1 N   10.46    4.40  4.27  3.91  4.10    #1-#11:  -9%   #2-#11:  -4%
2m0753.0315  0.1 E, 0.2 N   10.47    3.86  3.43  3.49  3.59    #1-#11:   2%   #2-#11:   5%
2m0753.0316  0.2 E, 0.3 N   10.46    4.53  3.99  4.11  4.32    #1-#11:   3%   #2-#11:   8%
2m0753.0317  0.1 E, 0.1 N   10.45    3.94  3.80  3.59  3.68    #1-#11:  -6%   #2-#11:  -3%
2m0753.0318  0.2 W, 0.2 N   10.45    4.42  3.96  4.20  4.14    #1-#11:   6%   #2-#11:   4%
2m0753.0319  0.3 W, 0.1 N   10.46    4.47  4.22  3.99  4.22    #1-#11:  -6%   #2-#11:   0%
2m0753.0320  0.3 E, 0.1 N   10.47    4.40  3.98  4.11  4.34    #1-#11:   3%   #2-#11:   9%
2m0753.0321  0.2 W, 0.1 N   10.47    4.32  4.22  4.00  4.06    #1-#11:  -5%   #2-#11:  -4%
2m0753.0322  0.2 E, 0.3 N   10.45    4.42  3.96  3.99  4.17    #1-#11:   1%   #2-#11:   5%
2m0753.0323  0.2 E, 0.4 N   10.45    4.06  3.65  3.74  3.92    #1-#11:   2%   #2-#11:   7%
2m0753.0324  0.6 W, 0.3 N   10.46    4.07  3.49  3.45  3.76    #1-#11:  -1%   #2-#11:   7%
2m0753.0325  0.3 W, 0.2 N   10.47    4.30  3.99  4.00  4.18    #1-#11:   0%   #2-#11:   5%
2m0753.0326  0.3 E, 0.1 N   10.47    3.65  3.37  3.31  3.46    #1-#11:  -2%   #2-#11:   3%
2m0753.0327  0.1 W, 0.2 N   10.45    4.30  3.82  3.68  4.02    #1-#11:  -4%   #2-#11:   5%
2m0753.0328  0.1 E, 0.2 N   10.46    3.95  3.53  3.56  3.72    #1-#11:   1%   #2-#11:   5%
2m0753.0329  0.3 E, 0.3 N   10.47    4.06  3.62  3.59  3.80    #1-#11:  -1%   #2-#11:   5%
2m0753.0330  0.3 W, 0.1 N   10.46    4.94  4.66  4.64  4.79    #1-#11:   0%   #2-#11:   3%
2m0753.0331  0.1 W, 0.2 N   10.46    4.15  3.65  3.66  4.04    #1-#11:   0%   #2-#11:  10%
2m0753.0332  0.4 E, 0.2 N   10.45    4.31  3.97  4.15  4.13    #1-#11:   4%   #2-#11:   4%
2m0753.0333  0.4 W, 0.1 N   10.46    3.96  3.63  3.55  3.65    #1-#11:  -2%   #2-#11:   1%
2m0753.0334  0.4 E, 0.0 N   10.47    3.75  3.46  3.20  3.53    #1-#11:  -8%   #2-#11:   2%
2m0753.0335  0.3 E, 0.2 N   10.47    3.89  3.51  3.50  3.69    #1-#11:   0%   #2-#11:   5%
2m0753.0336  0.5 W, 0.3 N   10.46    3.85  3.48  3.50  3.55    #1-#11:   1%   #2-#11:   2%
2m0753.0337  0.2 W, 0.2 N   10.46    3.67  3.39  3.42  3.47    #1-#11:   1%   #2-#11:   2%
2m0753.0338  0.2 E, 0.3 N   10.46    4.06  3.69  3.65  4.12    #1-#11:  -1%   #2-#11:  11%
2m0753.0339  0.4 W, 0.2 N   10.48    3.58  3.44  3.39  3.36    #1-#11:  -1%   #2-#11:  -2%
2m0753.0340  0.5 W, 0.3 N   10.47    4.08  3.65  3.70  3.79    #1-#11:   1%   #2-#11:   4%
2m0753.0341  0.2 E, 0.0 N   10.46    3.92  3.62  3.39  3.71    #1-#11:  -7%   #2-#11:   2%
2m0753.0342  0.7 W, 0.2 N   10.46    3.89  3.72  3.48  3.72    #1-#11:  -7%   #2-#11:   0%
2m0753.0343  0.3 W, 0.2 N   10.47    3.48  3.32  3.17  3.29    #1-#11:  -5%   #2-#11:  -1%
2m0753.0344  0.3 E, 0.4 N   10.46    4.30  3.85  3.96  4.28    #1-#11:   3%   #2-#11:  11%
2m0753.0345  0.5 W, 0.2 N   10.47    4.13  3.98  3.73  3.82    #1-#11:  -6%   #2-#11:  -4%
2m0753.0346  0.1 W, 0.2 N   10.46    4.05  3.59  3.71  3.84    #1-#11:   3%   #2-#11:   7%
2m0753.0347  0.1 W, 0.2 N   10.45    4.38  4.28  4.01  4.25    #1-#11:  -7%   #2-#11:  -1%
2m0753.0348  0.6 W, 0.3 N   10.47    3.59  3.29  3.25  3.36    #1-#11:  -1%   #2-#11:   2%
2m0753.0349  0.2 W, 0.2 N   10.47    4.21  4.00  3.70  4.01    #1-#11:  -8%   #2-#11:   0%
2m0753.0350  0.2 W, 0.1 N   10.46    4.51  4.30  4.36  4.38    #1-#11:   1%   #2-#11:   2%
2m0753.0351  0.3 W, 0.0 S   10.45    4.26  3.74  3.83  4.17    #1-#11:   2%   #2-#11:  11%
2m0753.0352  0.3 W, 0.2 N   10.47    3.58  3.29  3.28  3.50    #1-#11:   0%   #2-#11:   6%
2m0753.0353  0.0 W, 0.1 N   10.47    4.18  3.92  3.93  3.97    #1-#11:   0%   #2-#11:   1%
2m0753.0354  0.6 W, 0.1 N   10.48    3.80  3.41  3.51  3.64    #1-#11:   3%   #2-#11:   7%
2m0753.0355  0.5 W, 0.3 N   10.46    3.84  3.50  3.55  3.63    #1-#11:   1%   #2-#11:   4%
2m0753.0356  0.2 W, 0.2 N   10.44    4.88  4.24  4.36  4.51    #1-#11:   3%   #2-#11:   6%
2m0753.0357  0.3 W, 0.3 N   10.46    4.42  4.05  3.99  4.34    #1-#11:  -1%   #2-#11:   7%
2m0753.0358  0.3 W, 0.3 N   10.48    3.63  3.34  3.46  3.49    #1-#11:   4%   #2-#11:   4%
2m0753.0359  0.1 W, 0.2 N   10.46    4.24  3.70  3.94  4.19    #1-#11:   6%   #2-#11:  12%
2m0753.0360  0.2 W, 0.2 N   10.45    4.06  3.64  3.68  3.86    #1-#11:   1%   #2-#11:   6%
2m0753.0361  0.2 W, 0.1 N   10.45    3.69  3.37  3.28  3.48    #1-#11:  -3%   #2-#11:   3%
2m0753.0362  0.2 W, 0.1 N   10.46    4.12  3.84  3.93  3.82    #1-#11:   2%   #2-#11:  -1%
2m0753.0363  0.1 E, 0.2 N   10.47    4.12  3.90  3.77  3.89    #1-#11:  -3%   #2-#11:   0%
2m0753.0364  0.1 W, 0.1 N   10.47    3.67  3.27  3.16  3.38    #1-#11:  -3%   #2-#11:   3%
2m0753.0365  0.0 W, 0.1 N   10.45    4.19  3.88  3.62  3.96    #1-#11:  -7%   #2-#11:   2%
2m0753.0366  0.2 W, 0.4 N   10.45    4.30  3.87  4.06  4.33    #1-#11:   5%   #2-#11:  11%
2m0753.0367  0.4 W, 0.2 N   10.47    4.28  3.99  3.80  4.03    #1-#11:  -5%   #2-#11:   1%
2m0753.0368  0.3 W, 0.1 N   10.47    4.16  3.82  3.66  3.91    #1-#11:  -4%   #2-#11:   2%
2m0753.0369  0.0 E, 0.2 N   10.47    3.66  3.32  3.52  3.51    #1-#11:   6%   #2-#11:   6%
2m0753.0370  0.0 E, 0.2 N   10.45    3.70  3.43  3.29  3.40    #1-#11:  -4%   #2-#11:  -1%
2m0753.0371  0.1 E, 0.2 N   10.45    4.38  4.12  4.01  4.25    #1-#11:  -3%   #2-#11:   3%
2m0753.0372  0.0 E, 0.1 N   10.48    3.66  3.42  3.38  3.46    #1-#11:  -1%   #2-#11:   1%
2m0753.0373  0.3 W, 0.1 N   10.48    3.72  3.58  3.57  3.65    #1-#11:   0%   #2-#11:   2%
2m0753.0374  0.5 W, 0.3 N   10.47    3.78  3.54  3.54  3.55    #1-#11:   0%   #2-#11:   0%
2m0753.0375  0.2 E, 0.1 N   10.46    3.63  3.39  3.26  3.49    #1-#11:  -4%   #2-#11:   3%
2m0753.0376  0.2 W, 0.2 N   10.46    4.03  3.60  3.48  3.80    #1-#11:  -3%   #2-#11:   5%
2m0753.0377  0.1 E, 0.2 N   10.48    3.90  3.73  3.53  3.83    #1-#11:  -6%   #2-#11:   3%
2m0753.0378  0.2 E, 0.2 N   10.48    3.89  3.58  3.46  3.56    #1-#11:  -3%   #2-#11:  -1%
2m0753.0379  0.5 W, 0.3 N   10.46    4.09  3.77  3.65  3.80    #1-#11:  -3%   #2-#11:   1%
2m0753.0380  0.3 W, 0.1 N   10.45    3.85  3.41  3.52  3.66    #1-#11:   3%   #2-#11:   7%
2m0753.0381  0.2 E, 0.1 N   10.47    3.83  3.59  3.37  3.68    #1-#11:  -6%   #2-#11:   2%
2m0753.0382  0.5 W, 0.1 N   10.48    3.98  3.61  3.44  3.64    #1-#11:  -5%   #2-#11:   1%
2m0753.0383  0.1 E, 0.2 N   10.48    3.42  3.15  3.06  3.33    #1-#11:  -3%   #2-#11:   6%
2m0753.0384  0.1 E, 0.2 N   10.46    3.48  3.21  3.32  3.39    #1-#11:   3%   #2-#11:   5%
2m0753.0385  0.5 W, 0.2 N   10.43    5.30  4.68  4.99  5.16    #1-#11:   6%   #2-#11:  10%
2m0753.0386  0.2 W, 0.2 N   10.47    3.73  3.41  3.37  3.70    #1-#11:  -1%   #2-#11:   8%
2m0753.0387  0.3 E, 0.1 N   10.48    4.09  3.64  3.63  3.63    #1-#11:   0%   #2-#11:   0%
2m0753.0388  0.6 W, 0.3 N   10.48    3.69  3.53  3.53  3.66    #1-#11:   0%   #2-#11:   4%
2m0753.0389  0.2 W, 0.2 N   10.46    3.76  3.51  3.48  3.79    #1-#11:  -1%   #2-#11:   8%
2m0753.0390  0.3 E, 0.3 N   10.45    4.14  3.53  3.74  3.95    #1-#11:   6%   #2-#11:  11%
2m0753.0391  0.5 W, 0.2 N   10.47    3.79  3.50  3.46  3.75    #1-#11:  -1%   #2-#11:   7%
2m0753.0392  0.4 W, 0.2 N   10.48    3.47  3.19  3.06  3.48    #1-#11:  -4%   #2-#11:   9%
2m0753.0393  0.0 E, 0.2 N   10.47    3.76  3.32  3.41  3.61    #1-#11:   3%   #2-#11:   8%
2m0753.0394  0.6 W, 0.0 N   10.45    4.19  3.85  3.62  4.04    #1-#11:  -6%   #2-#11:   5%
2m0753.0395  0.3 W, 0.3 N   10.47    3.30  3.07  2.99  3.21    #1-#11:  -3%   #2-#11:   4%
2m0753.0396  0.0 E, 0.2 N   10.46    4.60  4.03  4.04  4.50    #1-#11:   0%   #2-#11:  11%
2m0753.0397  0.6 W, 0.2 N   10.48    3.61  3.43  3.36  3.48    #1-#11:  -2%   #2-#11:   1%
2m0753.0398  0.5 W, 0.2 N   10.48    3.47  3.21  3.19  3.32    #1-#11:  -1%   #2-#11:   3%
2m0753.0399  0.1 W, 0.1 N   10.45    4.85  4.27  4.36  4.65    #1-#11:   2%   #2-#11:   9%
2m0753.0400  0.4 W, 0.2 N   10.46    4.19  3.73  4.04  3.87    #1-#11:   8%   #2-#11:   4%
2m0753.0401  0.2 W, 0.2 N   10.48    3.41  3.33  3.02  3.33    #1-#11: -10%   #2-#11:   0%
2m0753.0402  0.0 W, 0.3 N   10.47    4.04  3.78  3.72  3.92    #1-#11:  -2%   #2-#11:   4%
2m0753.0403  0.4 W, 0.2 N   10.47    3.45  3.23  3.24  3.38    #1-#11:   0%   #2-#11:   5%
2m0753.0404  0.4 W, 0.2 N   10.46    3.74  3.48  3.35  3.37    #1-#11:  -4%   #2-#11:  -3%
2m0753.0405  0.5 W, 0.2 N   10.46    4.70  4.49  4.26  4.54    #1-#11:  -5%   #2-#11:   1%
2m0753.0406  0.5 W, 0.2 N   10.48    3.94  3.57  3.72  3.67    #1-#11:   4%   #2-#11:   3%
2m0753.0407  0.2 W, 0.2 N   10.48    3.50  3.27  3.08  3.29    #1-#11:  -6%   #2-#11:   1%
2m0753.0408  0.0 W, 0.2 N   10.46    4.28  3.90  3.83  4.17    #1-#11:  -2%   #2-#11:   7%
2m0753.0409  0.3 W, 0.2 N   10.47    3.52  3.32  3.18  3.37    #1-#11:  -4%   #2-#11:   1%
2m0753.0410  0.4 W, 0.0 N   10.47    4.03  3.73  3.44  3.61    #1-#11:  -8%   #2-#11:  -3%
2m0753.0411  0.3 W, 0.3 N   10.47    4.53  4.35  4.28  4.09    #1-#11:  -2%   #2-#11:  -6%
2m0753.0412  0.2 W, 0.2 N   10.47    3.66  3.34  3.24  3.42    #1-#11:  -3%   #2-#11:   2%
2m0753.0413  0.2 W, 0.1 N   10.47    3.47  3.36  3.10  3.33    #1-#11:  -8%   #2-#11:  -1%
2m0753.0414  0.1 W, 0.2 N   10.46    4.09  3.52  3.67  3.69    #1-#11:   4%   #2-#11:   5%
2m0753.0415  0.1 W, 0.2 N   10.48    3.89  3.45  3.52  3.57    #1-#11:   2%   #2-#11:   3%
2m0753.0416  0.3 W, 0.3 N   10.48    3.69  3.34  3.22  3.57    #1-#11:  -4%   #2-#11:   7%
2m0753.0417  0.5 W, 0.1 N   10.47    3.62  3.37  3.29  3.54    #1-#11:  -2%   #2-#11:   5%
2m0753.0418  0.0 W, 0.2 N   10.46    4.11  3.79  3.71  3.98    #1-#11:  -2%   #2-#11:   5%
2m0753.0419  0.4 W, 0.1 N   10.48    3.51  3.34  3.28  3.39    #1-#11:  -2%   #2-#11:   1%
2m0753.0420  0.1 E, 0.3 N   10.48    3.64  3.49  3.37  3.47    #1-#11:  -3%   #2-#11:  -1%
2m0753.0421  0.1 W, 0.3 N   10.47    3.60  3.22  3.25  3.41    #1-#11:   1%   #2-#11:   6%
2m0753.0422  0.4 W, 0.2 N   10.46    3.83  3.63  3.36  3.42    #1-#11:  -8%   #2-#11:  -6%
2m0753.0423  0.3 W, 0.2 N   10.47    3.74  3.39  3.34  3.60    #1-#11:  -1%   #2-#11:   6%
2m0753.0424  0.0 E, 0.1 N   10.48    3.64  3.36  3.24  3.42    #1-#11:  -4%   #2-#11:   2%
2m0753.0425  0.5 W, 0.1 N   10.48    3.99  3.53  3.39  3.69    #1-#11:  -4%   #2-#11:   4%
2m0753.0426  0.1 E, 0.3 N   10.47    3.75  3.31  3.38  3.53    #1-#11:   2%   #2-#11:   6%
2m0753.0427  0.0 W, 0.1 N   10.46    3.80  3.48  3.43  3.54    #1-#11:  -1%   #2-#11:   2%
2m0753.0428  0.5 W, 0.3 N   10.47    3.87  3.38  3.57  3.70    #1-#11:   5%   #2-#11:   9%
2m0753.0429  0.2 W, 0.1 N   10.48    3.60  3.43  3.30  3.48    #1-#11:  -4%   #2-#11:   1%
2m0753.0430  0.0 W, 0.1 N   10.48    3.83  3.45  3.43  3.50    #1-#11:  -1%   #2-#11:   1%
2m0753.0431  0.4 W, 0.1 N   10.46    4.10  3.61  3.65  3.89    #1-#11:   1%   #2-#11:   7%
2m0753.0432  0.1 E, 0.2 N   10.46    3.69  3.40  3.31  3.45    #1-#11:  -3%   #2-#11:   1%
2m0753.0433  0.0 E, 0.2 N   10.47    3.77  3.32  3.25  3.46    #1-#11:  -2%   #2-#11:   4%
2m0753.0434  0.5 W, 0.1 N   10.49    3.54  3.36  3.20  3.41    #1-#11:  -5%   #2-#11:   1%
2m0753.0435  0.4 W, 0.2 N   10.49    3.54  3.25  3.27  3.46    #1-#11:   1%   #2-#11:   6%
2m0753.0436  0.0 W, 0.1 N   10.47    3.95  3.65  3.43  3.74    #1-#11:  -6%   #2-#11:   2%
2m0753.0437  0.5 W, 0.1 N   10.45    4.24  3.89  3.82  3.97    #1-#11:  -2%   #2-#11:   2%
2m0753.0438  0.1 W, 0.2 N   10.47    4.04  3.80  3.63  3.81    #1-#11:  -5%   #2-#11:   0%
2m0753.0439  0.2 E, 0.2 N   10.48    3.71  3.38  3.21  3.56    #1-#11:  -5%   #2-#11:   5%
2m0753.0440  0.6 W, 0.2 N   10.47    4.04  3.78  3.88  3.73    #1-#11:   3%   #2-#11:  -1%
2m0753.0441  0.3 W, 0.3 N   10.47    3.52  3.32  3.28  3.35    #1-#11:  -1%   #2-#11:   1%
2m0753.0442  0.1 E, 0.1 N   10.46    3.73  3.38  3.29  3.44    #1-#11:  -3%   #2-#11:   2%
2m0753.0443  0.8 W, 0.2 N   10.47    3.99  3.45  3.62  3.62    #1-#11:   5%   #2-#11:   5%
2m0753.0444  0.3 W, 0.2 N   10.49    3.62  3.26  3.21  3.40    #1-#11:  -2%   #2-#11:   4%
2m0753.0445  0.1 E, 0.2 N   10.48    3.67  3.48  3.39  3.56    #1-#11:  -3%   #2-#11:   2%
2m0753.0446  0.7 W, 0.2 N   10.47    3.64  3.35  3.35  3.47    #1-#11:   0%   #2-#11:   4%
2m0753.0447  0.5 W, 0.1 N   10.47    3.45  3.11  3.04  3.15    #1-#11:  -2%   #2-#11:   1%
2m0753.0448  0.1 E, 0.1 N   10.47    4.03  3.74  3.84  4.12    #1-#11:   3%   #2-#11:  10%
2m0753.0449  0.7 W, 0.1 N   10.49    3.79  3.47  3.51  3.42    #1-#11:   1%   #2-#11:  -1%
2m0753.0450  0.3 W, 0.1 N   10.48    3.60  3.43  3.18  3.36    #1-#11:  -8%   #2-#11:  -2%
2m0753.0451  0.3 W, 0.2 N   10.46    3.94  3.69  3.64  3.66    #1-#11:  -1%   #2-#11:  -1%
2m0753.0452  0.8 W, 0.0 N   10.47    3.53  3.40  3.31  3.26    #1-#11:  -3%   #2-#11:  -4%
2m0753.0453  0.6 W, 0.1 N   10.48    3.80  3.49  3.26  3.62    #1-#11:  -7%   #2-#11:   4%
2m0753.0454  0.2 W, 0.1 N   10.48    4.65  4.33  4.48  4.34    #1-#11:   3%   #2-#11:   0%
2m0753.0455  0.4 W, 0.0 N   10.47    4.17  3.62  3.54  3.71    #1-#11:  -2%   #2-#11:   2%
2m0753.0456  0.3 W, 0.2 N   10.47    3.60  3.41  3.39  3.35    #1-#11:  -1%   #2-#11:  -2%
2m0753.0457  0.2 W, 0.1 N   10.46    4.32  3.82  3.97  4.20    #1-#11:   4%   #2-#11:   9%
2m0753.0458  0.6 W, 0.1 N   10.48    3.68  3.40  3.54  3.53    #1-#11:   4%   #2-#11:   4%
2m0753.0459  0.5 W, 0.1 N   10.49    3.59  3.42  3.29  3.40    #1-#11:  -4%   #2-#11:  -1%
2m0753.0460  0.4 W, 0.2 N   10.46    4.66  4.34  4.38  4.34    #1-#11:   1%   #2-#11:   0%
2m0753.0461  0.2 W, 0.1 N   10.46    4.03  3.42  3.52  3.72    #1-#11:   3%   #2-#11:   8%
2m0753.0462  0.3 W, 0.0 N   10.48    3.44  3.31  3.19  3.32    #1-#11:  -4%   #2-#11:   0%
2m0753.0463  0.2 W, 0.2 N   10.48    4.18  3.69  3.94  3.96    #1-#11:   7%   #2-#11:   7%
2m0753.0464  0.5 W, 0.2 N   10.49    3.65  3.40  3.45  3.53    #1-#11:   1%   #2-#11:   4%
2m0753.0465  0.4 W, 0.2 N   10.48    3.53  3.29  3.35  3.34    #1-#11:   2%   #2-#11:   2%
2m0753.0466  0.6 W, 0.0 S   10.46    3.91  3.42  3.52  3.68    #1-#11:   3%   #2-#11:   7%
2m0753.0467  0.1 W, 0.1 N   10.48    3.26  3.16  2.99  3.14    #1-#11:  -6%   #2-#11:  -1%
2m0753.0468  0.3 W, 0.0 N   10.49    3.34  3.22  3.03  3.16    #1-#11:  -6%   #2-#11:  -2%
2m0753.0469  0.3 W, 0.1 N   10.48    3.91  3.49  3.27  3.70    #1-#11:  -7%   #2-#11:   6%
2m0753.0470  0.2 W, 0.1 N   10.48    3.52  3.44  3.16  3.29    #1-#11:  -8%   #2-#11:  -4%
2m0753.0471  0.5 W, 0.1 N   10.47    3.59  3.22  3.23  3.39    #1-#11:   0%   #2-#11:   5%
2m0753.0472  0.7 W, 0.1 N   10.48    3.33  3.32  2.91  3.02    #1-#11: -13%   #2-#11:  -9%
2m0753.0473  0.1 E, 0.2 N   10.49    3.20  3.02  2.95  3.01    #1-#11:  -2%   #2-#11:   0%
2m0753.0474  0.3 W, 0.1 N   10.48    3.60  3.36  3.15  3.42    #1-#11:  -6%   #2-#11:   2%
2m0753.0475  0.0 W, 0.1 N   10.48    3.19  2.87  2.88  3.01    #1-#11:   0%   #2-#11:   5%
2m0753.0476  0.0 W, 0.1 N   10.48    3.54  3.18  3.04  3.28    #1-#11:  -5%   #2-#11:   3%
2m0753.0477  0.4 W, 0.1 N   10.48    3.92  3.47  3.26  3.60    #1-#11:  -6%   #2-#11:   4%
2m0753.0478  0.5 W, 0.1 N   10.49    3.45  3.24  3.16  3.26    #1-#11:  -3%   #2-#11:   1%
2m0753.0479  0.1 W, 0.1 N   10.49    3.34  3.01  2.98  3.24    #1-#11:  -1%   #2-#11:   7%
2m0753.0480  0.4 W, 0.2 N   10.48    3.43  2.92  3.01  3.26    #1-#11:   3%   #2-#11:  11%
2m0753.0481  0.1 W, 0.0 N   10.48    3.33  3.00  2.92  3.12    #1-#11:  -3%   #2-#11:   4%
2m0753.0482  0.2 E, 0.2 N   10.48    3.61  3.29  3.36  3.36    #1-#11:   2%   #2-#11:   2%
2m0753.0483  0.5 W, 0.1 N   10.48    3.98  3.82  3.72  3.69    #1-#11:  -3%   #2-#11:  -3%
2m0753.0484  0.4 W, 0.1 N   10.49    3.25  2.85  3.02  3.20    #1-#11:   6%   #2-#11:  12%
2m0753.0485  0.1 E, 0.1 N   10.47    3.61  3.28  3.16  3.35    #1-#11:  -4%   #2-#11:   2%
2m0753.0486  0.6 W, 0.1 N   10.48    3.39  3.13  3.05  3.26    #1-#11:  -3%   #2-#11:   4%
2m0753.0487  0.0 W, 0.2 N   10.49    3.41  3.19  2.97  3.11    #1-#11:  -7%   #2-#11:  -3%
2m0753.0488  0.0 E, 0.1 N   10.49    3.63  3.51  3.31  3.46    #1-#11:  -6%   #2-#11:  -1%
2m0753.0489  0.4 W, 0.1 N   10.48    3.47  3.38  3.22  3.27    #1-#11:  -5%   #2-#11:  -3%
2m0753.0490  0.4 W, 0.0 N   10.48    3.52  3.29  3.23  3.27    #1-#11:  -2%   #2-#11:  -1%
2m0753.0491  0.2 E, 0.1 N   10.48    3.77  3.50  3.22  3.45    #1-#11:  -8%   #2-#11:  -1%
2m0753.0492  0.8 W, 0.1 N   10.49    3.38  3.06  2.98  3.17    #1-#11:  -3%   #2-#11:   4%
2m0753.0493  0.2 W, 0.1 N   10.48    4.16  3.76  3.55  3.65    #1-#11:  -6%   #2-#11:  -3%
2m0753.0494  0.0 E, 0.2 N   10.48    3.38  3.24  3.19  3.26    #1-#11:  -2%   #2-#11:   1%
2m0753.0495  0.7 W, 0.0 N   10.48    3.62  3.29  3.35  3.36    #1-#11:   2%   #2-#11:   2%
2m0753.0496  0.5 W, 0.1 N   10.49    3.26  3.07  2.89  3.00    #1-#11:  -6%   #2-#11:  -2%
2m0753.0497  0.0 E, 0.0 S   10.49    3.94  3.52  3.59  3.68    #1-#11:   2%   #2-#11:   4%
2m0753.0498  0.8 W, 0.1 N   10.49    3.48  3.16  3.21  3.37    #1-#11:   2%   #2-#11:   6%
2m0753.0499  0.3 W, 0.0 N   10.48    3.45  3.42  3.29  3.19    #1-#11:  -4%   #2-#11:  -7%
2m0753.0500  0.0 W, 0.1 N   10.48    3.67  3.32  3.38  3.49    #1-#11:   2%   #2-#11:   5%
2m0753.0501  0.8 W, 0.1 N   10.49    3.52  3.29  3.32  3.33    #1-#11:   1%   #2-#11:   1%
2m0753.0502  0.5 W, 0.1 N   10.50    3.16  2.88  2.76  2.99    #1-#11:  -4%   #2-#11:   4%
2m0753.0503  0.1 W, 0.1 N   10.48    4.04  3.63  3.71  4.10    #1-#11:   2%   #2-#11:  12%
2m0753.0504  0.3 W, 0.0 N   10.48    3.63  3.32  3.22  3.39    #1-#11:  -3%   #2-#11:   2%
2m0753.0505  0.0 W, 0.0 S   10.49    3.48  3.12  3.22  3.35    #1-#11:   3%   #2-#11:   7%
2m0753.0506  0.1 E, 0.1 N   10.49    3.81  3.50  3.44  3.69    #1-#11:  -2%   #2-#11:   5%
2m0753.0507  0.3 W, 0.1 N   10.49    4.01  3.60  3.68  3.64    #1-#11:   2%   #2-#11:   1%
2m0753.0508  0.4 W, 0.0 N   10.48    3.54  3.31  3.21  3.36    #1-#11:  -3%   #2-#11:   1%
2m0753.0509  0.1 W, 0.2 N   10.46    5.17  4.55  5.04  4.86    #1-#11:  10%   #2-#11:   7%
2m0753.0510  0.1 W, 0.1 N   10.48    3.98  3.74  3.62  3.68    #1-#11:  -3%   #2-#11:  -2%
2m0753.0511  0.1 W, 0.1 N   10.50    3.28  3.11  2.92  3.10    #1-#11:  -6%   #2-#11:   0%
2m0753.0512  0.1 E, 0.2 N   10.49    3.72  3.53  3.43  3.36    #1-#11:  -3%   #2-#11:  -5%
2m0753.0513  0.3 W, 0.2 N   10.48    3.60  3.37  3.29  3.39    #1-#11:  -2%   #2-#11:   1%
2m0753.0514  0.2 W, 0.1 N   10.48    3.71  3.42  3.38  3.52    #1-#11:  -1%   #2-#11:   3%
2m0753.0515  0.3 W, 0.1 N   10.49    3.89  3.62  3.68  3.58    #1-#11:   2%   #2-#11:  -1%
2m0753.0516  0.1 W, 0.3 N   10.50    3.73  3.30  3.35  3.50    #1-#11:   2%   #2-#11:   6%
2m0753.0517  0.1 W, 0.1 N   10.49    3.57  3.34  3.24  3.38    #1-#11:  -3%   #2-#11:   1%
2m0753.0518  0.0 E, 0.1 N   10.48    3.60  3.23  3.28  3.51    #1-#11:   2%   #2-#11:   8%
2m0753.0519  0.2 W, 0.2 N   10.47    3.87  3.39  3.41  3.57    #1-#11:   1%   #2-#11:   5%
2m0753.0520  0.2 W, 0.1 N   10.49    4.51  4.07  4.32  4.33    #1-#11:   6%   #2-#11:   6%
2m0753.0521  0.4 W, 0.0 N   10.50    3.67  3.36  3.36  3.39    #1-#11:   0%   #2-#11:   1%
2m0753.0522  0.0 W, 0.3 N   10.49    3.64  3.31  3.34  3.42    #1-#11:   1%   #2-#11:   3%
2m0753.0523  0.1 W, 0.1 N   10.48    3.65  3.39  3.29  3.39    #1-#11:  -3%   #2-#11:   0%
2m0753.0524  0.0 E, 0.0 N   10.48    3.63  3.32  3.35  3.35    #1-#11:   1%   #2-#11:   1%
2m0753.0525  0.1 E, 0.1 N   10.50    3.59  3.41  3.46  3.49    #1-#11:   1%   #2-#11:   2%
2m0753.0526  0.1 W, 0.1 N   10.50    3.82  3.41  3.40  3.66    #1-#11:   0%   #2-#11:   7%
2m0753.0527  0.3 W, 0.2 N   10.50    3.54  3.27  3.34  3.43    #1-#11:   2%   #2-#11:   5%
2m0753.0528  0.2 E, 0.0 S   10.48    3.81  3.44  3.40  3.45    #1-#11:  -1%   #2-#11:   0%
2m0753.0529  0.0 W, 0.1 N   10.49    3.74  3.55  3.50  3.56    #1-#11:  -1%   #2-#11:   0%
2m0753.0530  0.2 E, 0.1 N   10.50    3.53  3.19  3.30  3.35    #1-#11:   3%   #2-#11:   5%
2m0753.0531  0.2 E, 0.2 N   10.51    3.43  3.17  3.23  3.25    #1-#11:   2%   #2-#11:   2%
2m0753.0532  0.2 W, 0.0 N   10.49    3.48  3.27  3.26  3.30    #1-#11:   0%   #2-#11:   1%
2m0753.0533  0.3 W, 0.1 N   10.48    3.59  3.31  3.27  3.38    #1-#11:  -1%   #2-#11:   2%
2m0753.0534  0.3 E, 0.1 N   10.49    3.60  3.33  3.25  3.38    #1-#11:  -2%   #2-#11:   1%
2m0753.0535  0.2 W, 0.0 N   10.50    4.08  3.66  3.72  3.81    #1-#11:   2%   #2-#11:   4%
2m0753.0536  0.1 E, 0.1 N   10.50    3.59  3.43  3.36  3.37    #1-#11:  -2%   #2-#11:  -2%
2m0753.0537  0.4 E, 0.2 N   10.49    3.67  3.35  3.37  3.51    #1-#11:   1%   #2-#11:   5%
2m0753.0538  0.3 W, 0.0 S   10.49    3.67  3.38  3.38  3.44    #1-#11:   0%   #2-#11:   2%
2m0753.0539  0.2 W, 0.2 N   10.49    3.61  3.24  3.17  3.31    #1-#11:  -2%   #2-#11:   2%
2m0753.0540  0.3 E, 0.1 N   10.51    3.77  3.57  3.56  3.61    #1-#11:   0%   #2-#11:   1%
2m0753.0541  0.3 W, 0.1 N   10.50    3.51  3.34  3.20  3.23    #1-#11:  -4%   #2-#11:  -3%
2m0753.0542  0.4 E, 0.0 S   10.48    4.13  3.50  3.35  3.73    #1-#11:  -4%   #2-#11:   6%
2m0753.0543  0.4 E, 0.1 N   10.48    4.08  3.67  3.76  3.99    #1-#11:   2%   #2-#11:   8%
2m0753.0544  0.5 W, 0.0 N   10.50    3.85  3.72  3.42  3.55    #1-#11:  -8%   #2-#11:  -5%
2m0753.0545  0.3 W, 0.0 N   10.51    3.28  3.03  2.98  2.99    #1-#11:  -2%   #2-#11:  -1%
2m0753.0546  0.4 E, 0.1 N   10.50    3.78  3.52  3.54  3.64    #1-#11:   1%   #2-#11:   3%
2m0753.0547  0.5 W, 0.1 N   10.49    3.83  3.58  3.43  3.53    #1-#11:  -4%   #2-#11:  -1%
2m0753.0548  0.1 W, 0.0 S   10.49    3.76  3.46  3.41  3.42    #1-#11:  -1%   #2-#11:  -1%
2m0753.0549  0.3 E, 0.1 N   10.50    4.00  3.63  3.49  3.60    #1-#11:  -4%   #2-#11:  -1%
2m0753.0550  0.6 W, 0.1 N   10.51    3.56  3.31  3.44  3.33    #1-#11:   4%   #2-#11:   1%
2m0753.0551  0.3 W, 0.0 N   10.50    3.64  3.34  3.38  3.45    #1-#11:   1%   #2-#11:   3%
2m0753.0552  0.1 E, 0.1 N   10.49    3.67  3.35  3.28  3.39    #1-#11:  -2%   #2-#11:   1%
2m0753.0553  0.5 W, 0.1 N   10.50    3.81  3.73  3.61  3.63    #1-#11:  -3%   #2-#11:  -3%
2m0753.0554  0.1 W, 0.0 N   10.51    3.49  3.31  3.14  3.27    #1-#11:  -5%   #2-#11:  -1%
2m0753.0555  0.2 E, 0.1 N   10.50    4.02  3.40  3.61  3.80    #1-#11:   6%   #2-#11:  11%
2m0753.0556  0.5 W, 0.1 N   10.50    3.40  3.21  3.27  3.25    #1-#11:   2%   #2-#11:   1%
2m0753.0557  0.2 W, 0.0 N   10.50    3.45  3.35  3.24  3.28    #1-#11:  -3%   #2-#11:  -2%
2m0753.0558  0.1 W, 0.1 N   10.50    4.38  3.93  4.16  4.20    #1-#11:   6%   #2-#11:   7%
2m0753.0559  0.3 W, 0.2 N   10.51    3.71  3.47  3.45  3.42    #1-#11:  -1%   #2-#11:  -1%
2m0753.0560  0.2 W, 0.0 S   10.51    3.34  3.18  3.02  3.09    #1-#11:  -5%   #2-#11:  -3%
2m0753.0561  0.1 E, 0.0 S   10.49    3.96  3.76  3.74  3.68    #1-#11:  -1%   #2-#11:  -2%
2m0753.0562  0.3 W, 0.1 S   10.49    4.36  3.83  3.95  3.91    #1-#11:   3%   #2-#11:   2%
2m0753.0563  0.3 W, 0.1 S   10.51    3.76  3.45  3.44  3.44    #1-#11:   0%   #2-#11:   0%
2m0753.0564  0.3 W, 0.1 N   10.50    4.16  3.63  3.75  3.66    #1-#11:   3%   #2-#11:   1%
2m0753.0565  0.2 W, 0.1 N   10.50    3.66  3.41  3.37  3.48    #1-#11:  -1%   #2-#11:   2%
2m0753.0566  0.2 W, 0.0 N   10.50    3.37  3.17  2.98  3.16    #1-#11:  -6%   #2-#11:   0%
2m0753.0567  0.1 E, 0.1 S   10.51    3.32  3.22  2.94  3.02    #1-#11:  -9%   #2-#11:  -6%
2m0753.0568  0.1 W, 0.2 N   10.51    3.70  3.54  3.34  3.31    #1-#11:  -6%   #2-#11:  -7%
2m0753.0569  0.2 W, 0.1 N   10.52    3.41  3.21  3.21  3.24    #1-#11:   0%   #2-#11:   1%
2m0753.0570  0.4 W, 0.0 S   10.50    3.59  3.27  3.40  3.39    #1-#11:   4%   #2-#11:   4%
2m0753.0571  0.0 E, 0.0 N   10.49    3.95  3.45  3.50  3.51    #1-#11:   1%   #2-#11:   2%
2m0753.0572  0.1 W, 0.1 N   10.51    3.49  3.29  3.29  3.24    #1-#11:   0%   #2-#11:  -2%
2m0753.0573  0.0 W, 0.2 N   10.52    3.42  3.18  3.23  3.23    #1-#11:   2%   #2-#11:   2%
2m0753.0574  0.0 W, 0.0 S   10.51    3.56  3.19  3.14  3.35    #1-#11:  -2%   #2-#11:   5%
2m0753.0575  0.3 W, 0.0 N   10.50    3.27  2.94  2.92  3.13    #1-#11:  -1%   #2-#11:   6%
2m0753.0576  0.5 W, 0.1 S   10.50    3.64  3.31  3.40  3.32    #1-#11:   3%   #2-#11:   0%
2m0753.0577  0.2 E, 0.0 N   10.51    3.62  3.39  3.31  3.31    #1-#11:  -2%   #2-#11:  -2%
2m0753.0578  0.1 W, 0.0 S   10.52    3.70  3.35  3.32  3.46    #1-#11:  -1%   #2-#11:   3%
2m0753.0579  0.1 E, 0.1 N   10.52    3.41  3.13  3.07  3.15    #1-#11:  -2%   #2-#11:   1%
2m0753.0580  0.2 E, 0.0 S   10.50    3.64  3.40  3.28  3.32    #1-#11:  -4%   #2-#11:  -2%
2m0753.0581  0.2 W, 0.0 S   10.50    3.88  3.36  3.42  3.65    #1-#11:   2%   #2-#11:   8%
2m0753.0582  0.2 W, 0.0 S   10.52    3.37  3.08  3.13  3.19    #1-#11:   2%   #2-#11:   4%
2m0753.0583  0.2 E, 0.1 N   10.52    3.56  3.43  3.24  3.23    #1-#11:  -6%   #2-#11:  -6%
2m0753.0584  0.3 W, 0.0 S   10.51    3.76  3.36  3.46  3.47    #1-#11:   3%   #2-#11:   3%
2m0753.0585  0.1 E, 0.0 N   10.50    3.53  3.25  3.25  3.26    #1-#11:   0%   #2-#11:   0%
2m0753.0586  0.3 E, 0.1 N   10.51    3.46  3.15  3.21  3.25    #1-#11:   2%   #2-#11:   3%
2m0753.0587  0.2 W, 0.0 N   10.53    3.66  3.45  3.23  3.44    #1-#11:  -7%   #2-#11:   0%
2m0753.0588  0.3 W, 0.0 N   10.53    3.32  2.92  2.89  3.03    #1-#11:  -1%   #2-#11:   4%
2m0753.0589  0.4 E, 0.1 S   10.51    3.74  3.35  3.36  3.40    #1-#11:   0%   #2-#11:   1%
2m0753.0590  0.6 W, 0.0 N   10.49    4.26  3.72  3.68  3.77    #1-#11:  -1%   #2-#11:   1%
2m0753.0591  0.2 E, 0.0 N   10.51    3.97  3.64  3.60  3.57    #1-#11:  -1%   #2-#11:  -2%
2m0753.0592  0.4 E, 0.2 S   10.53    3.73  3.35  3.25  3.42    #1-#11:  -3%   #2-#11:   2%
2m0753.0593  0.4 W, 0.0 S   10.52    3.71  3.37  3.38  3.44    #1-#11:   0%   #2-#11:   2%
2m0753.0594  0.3 W, 0.0 N   10.51    3.45  3.13  3.11  3.21    #1-#11:  -1%   #2-#11:   3%
2m0753.0595  0.3 E, 0.1 S   10.50    3.57  3.25  3.50  3.38    #1-#11:   7%   #2-#11:   4%
2m0753.0596  0.6 W, 0.0 N   10.51    3.45  3.17  3.14  3.17    #1-#11:  -1%   #2-#11:   0%
2m0753.0597  0.1 E, 0.1 S   10.53    3.68  3.33  3.30  3.35    #1-#11:  -1%   #2-#11:   1%
2m0753.0598  0.2 E, 0.1 S   10.53    3.61  3.26  3.35  3.35    #1-#11:   3%   #2-#11:   3%
2m0753.0599  0.6 W, 0.1 S   10.51    3.59  3.40  3.30  3.34    #1-#11:  -3%   #2-#11:  -2%
2m0753.0600  0.2 W, 0.0 N   10.51    3.48  3.24  3.20  3.18    #1-#11:  -1%   #2-#11:  -2%
2m0753.0601  0.1 E, 0.1 N   10.51    3.73  3.38  3.36  3.30    #1-#11:  -1%   #2-#11:  -2%
2m0753.0602  0.4 W, 0.0 N   10.52    3.89  3.36  3.43  3.53    #1-#11:   2%   #2-#11:   5%
2m0753.0603  0.2 W, 0.1 S   10.52    3.61  3.26  3.40  3.46    #1-#11:   4%   #2-#11:   6%
2m0753.0604  0.0 E, 0.1 N   10.51    3.65  3.22  3.61  3.48    #1-#11:  11%   #2-#11:   8%
2m0753.0605  0.6 W, 0.1 S   10.51    3.72  3.39  3.49  3.56    #1-#11:   3%   #2-#11:   5%
2m0753.0606  0.4 W, 0.1 N   10.52    3.38  3.01  2.89  3.28    #1-#11:  -4%   #2-#11:   9%
2m0753.0607  0.2 W, 0.0 S   10.52    4.80  3.99  4.42  4.64    #1-#11:  10%   #2-#11:  15%
2m0753.0608  0.5 W, 0.0 S   10.52    3.68  3.61  3.54  3.30    #1-#11:  -2%   #2-#11:  -9%
2m0753.0609  0.3 W, 0.0 N   10.52    3.32  3.04  2.95  3.09    #1-#11:  -3%   #2-#11:   2%
2m0753.0610  0.0 W, 0.0 S   10.52    3.63  3.18  3.34  3.46    #1-#11:   5%   #2-#11:   8%
2m0753.0611  0.5 W, 0.1 S   10.53    3.59  3.09  3.13  3.35    #1-#11:   1%   #2-#11:   8%
2m0753.0612  0.4 W, 0.0 N   10.53    3.62  3.14  3.30  3.40    #1-#11:   5%   #2-#11:   8%
2m0753.0613  0.2 W, 0.1 S   10.51    4.32  3.59  3.84  3.93    #1-#11:   7%   #2-#11:   9%
2m0753.0614  0.3 W, 0.0 S   10.51    3.86  3.63  3.67  3.56    #1-#11:   1%   #2-#11:  -2%
2m0753.0615  0.2 W, 0.1 S   10.52    3.42  3.09  3.13  3.18    #1-#11:   1%   #2-#11:   3%
2m0753.0616  0.1 W, 0.0 N   10.53    3.64  3.34  3.37  3.37    #1-#11:   1%   #2-#11:   1%
2m0753.0617  0.3 W, 0.1 S   10.54    3.26  3.20  3.24  3.04    #1-#11:   1%   #2-#11:  -5%
2m0753.0618  0.4 W, 0.0 S   10.53    3.44  3.08  3.12  3.23    #1-#11:   1%   #2-#11:   5%
2m0753.0619  0.4 W, 0.0 N   10.52    3.57  3.35  3.30  3.36    #1-#11:  -2%   #2-#11:   0%
2m0753.0620  0.2 W, 0.1 S   10.53    3.27  3.16  2.96  3.15    #1-#11:  -7%   #2-#11:   0%
2m0753.0621  0.1 W, 0.1 S   10.53    3.39  3.25  3.16  2.98    #1-#11:  -3%   #2-#11:  -9%
2m0753.0622  0.0 E, 0.1 N   10.53    3.75  3.30  3.39  3.54    #1-#11:   3%   #2-#11:   7%
2m0753.0623  0.1 W, 0.2 S   10.52    3.80  3.39  3.33  3.56    #1-#11:  -2%   #2-#11:   5%
2m0753.0624  0.1 W, 0.1 S   10.52    3.63  3.38  3.38  3.43    #1-#11:   0%   #2-#11:   1%
2m0753.0625  0.3 W, 0.0 S   10.53    3.47  3.05  3.20  3.19    #1-#11:   5%   #2-#11:   4%
2m0753.0626  0.1 E, 0.0 N   10.53    3.83  3.31  3.29  3.41    #1-#11:  -1%   #2-#11:   3%
2m0753.0627  0.2 W, 0.0 S   10.53    3.55  3.29  3.21  3.38    #1-#11:  -2%   #2-#11:   3%
2m0753.0628  0.1 E, 0.0 N   10.52    4.12  3.56  3.56  3.49    #1-#11:   0%   #2-#11:  -2%
2m0753.0629  0.1 W, 0.1 S   10.52    3.50  3.17  3.16  3.29    #1-#11:   0%   #2-#11:   4%
2m0753.0630  0.2 W, 0.0 N   10.53    3.67  3.34  3.34  3.39    #1-#11:   0%   #2-#11:   1%
2m0753.0631  0.4 W, 0.0 N   10.53    3.84  3.62  3.50  3.44    #1-#11:  -3%   #2-#11:  -5%
2m0753.0632  0.0 W, 0.0 S   10.54    3.26  3.11  2.94  3.01    #1-#11:  -6%   #2-#11:  -3%
2m0753.0633  0.2 W, 0.1 S   10.53    3.64  3.43  3.58  3.38    #1-#11:   4%   #2-#11:  -1%
2m0753.0634  0.1 E, 0.0 S   10.53    3.64  3.35  3.53  3.51    #1-#11:   5%   #2-#11:   5%
2m0753.0635  0.5 E, 0.0 S   10.53    3.70  3.32  3.42  3.38    #1-#11:   3%   #2-#11:   2%
2m0753.0636  0.2 W, 0.1 S   10.53    3.98  3.46  3.49  3.52    #1-#11:   1%   #2-#11:   2%
2m0753.0637  0.3 W, 0.0 S   10.53    3.42  3.20  3.17  3.17    #1-#11:  -1%   #2-#11:  -1%
2m0753.0638  0.4 E, 0.0 N   10.53    3.42  3.05  3.11  3.17    #1-#11:   2%   #2-#11:   4%
2m0753.0639  0.2 W, 0.1 S   10.53    4.22  3.63  3.71  3.70    #1-#11:   2%   #2-#11:   2%
2m0753.0640  0.2 E, 0.1 S   10.54    3.50  3.24  3.25  3.22    #1-#11:   0%   #2-#11:  -1%
2m0753.0641  0.5 E, 0.1 S   10.53    3.77  3.42  3.36  3.52    #1-#11:  -2%   #2-#11:   3%
2m0753.0642  0.4 W, 0.0 N   10.53    3.53  3.25  3.13  3.24    #1-#11:  -4%   #2-#11:   0%
2m0753.0643  0.1 W, 0.1 S   10.53    3.53  3.28  3.19  3.34    #1-#11:  -3%   #2-#11:   2%
2m0753.0644  0.4 E, 0.0 N   10.54    3.94  3.64  3.38  3.64    #1-#11:  -7%   #2-#11:   0%
2m0753.0645  0.3 W, 0.2 S   10.54    3.47  3.20  3.17  3.25    #1-#11:  -1%   #2-#11:   2%
2m0753.0646  0.0 E, 0.1 S   10.53    4.01  3.37  3.44  3.70    #1-#11:   2%   #2-#11:   9%
2m0753.0647  0.5 E, 0.1 S   10.53    3.74  3.32  3.35  3.38    #1-#11:   1%   #2-#11:   2%
2m0753.0648  0.5 W, 0.1 S   10.53    3.65  3.31  3.23  3.25    #1-#11:  -2%   #2-#11:  -2%
2m0753.0649  0.3 W, 0.1 S   10.55    3.57  3.19  3.29  3.28    #1-#11:   3%   #2-#11:   3%
2m0753.0650  0.2 E, 0.1 N   10.54    4.04  3.65  3.60  3.68    #1-#11:  -1%   #2-#11:   1%
2m0753.0651  0.6 W, 0.0 S   10.53    4.28  3.88  3.80  3.92    #1-#11:  -2%   #2-#11:   1%
2m0753.0652  0.1 W, 0.3 S   10.53    3.99  3.56  3.42  3.53    #1-#11:  -4%   #2-#11:  -1%
2m0753.0653  0.3 E, 0.1 S   10.54    4.00  3.52  3.47  3.59    #1-#11:  -1%   #2-#11:   2%
2m0753.0654  0.7 W, 0.3 S   10.54    3.76  3.23  3.29  3.49    #1-#11:   2%   #2-#11:   8%
2m0753.0655  0.4 W, 0.1 S   10.55    3.68  3.35  3.42  3.32    #1-#11:   2%   #2-#11:  -1%
2m0753.0656  0.0 E, 0.2 S   10.53    3.91  3.37  3.45  3.61    #1-#11:   2%   #2-#11:   7%
2m0753.0657  0.6 W, 0.0 S   10.53    4.16  3.69  3.99  3.68    #1-#11:   8%   #2-#11:   0%
2m0753.0658  0.3 W, 0.1 S   10.55    3.20  2.99  2.83  2.89    #1-#11:  -5%   #2-#11:  -3%
2m0753.0659  0.0 E, 0.1 S   10.55    3.65  3.32  3.57  3.51    #1-#11:   7%   #2-#11:   6%
2m0753.0660  0.6 W, 0.1 S   10.55    3.68  3.50  3.50  3.47    #1-#11:   0%   #2-#11:  -1%
2m0753.0661  0.4 W, 0.3 S   10.53    4.23  3.88  3.69  3.80    #1-#11:  -5%   #2-#11:  -2%
2m0753.0662  0.1 W, 0.2 S   10.52    5.14  4.52  4.86  4.88    #1-#11:   7%   #2-#11:   8%
2m0753.0663  0.4 W, 0.2 S   10.54    4.30  3.83  3.82  4.09    #1-#11:   0%   #2-#11:   7%
2m0753.0664  0.3 W, 0.0 S   10.55    3.68  3.38  3.34  3.39    #1-#11:  -1%   #2-#11:   0%
2m0753.0665  0.0 W, 0.1 S   10.56    3.54  3.29  3.18  3.27    #1-#11:  -3%   #2-#11:  -1%
2m0753.0666  0.5 W, 0.2 S   10.54    3.70  3.30  3.34  3.34    #1-#11:   1%   #2-#11:   1%
2m0753.0667  0.4 W, 0.0 S   10.54    3.66  3.36  3.49  3.45    #1-#11:   4%   #2-#11:   3%
2m0753.0668  0.2 W, 0.3 S   10.55    4.12  3.53  3.68  3.72    #1-#11:   4%   #2-#11:   5%
2m0753.0669  0.1 W, 0.1 S   10.55    4.04  3.39  3.54  3.73    #1-#11:   4%   #2-#11:  10%
2m0753.0670  0.1 W, 0.1 S   10.55    3.61  3.28  3.29  3.38    #1-#11:   0%   #2-#11:   3%
2m0753.0671  0.0 E, 0.2 S   10.54    4.06  3.52  3.71  3.79    #1-#11:   5%   #2-#11:   7%
2m0753.0672  0.1 W, 0.0 S   10.53    4.37  3.93  3.99  4.18    #1-#11:   2%   #2-#11:   6%
2m0753.0673  0.1 W, 0.1 S   10.56    3.51  3.25  3.22  3.28    #1-#11:  -1%   #2-#11:   1%
2m0753.0674  0.4 W, 0.1 S   10.56    3.77  3.29  3.44  3.57    #1-#11:   4%   #2-#11:   8%
2m0753.0675  0.2 E, 0.1 S   10.55    3.65  3.30  3.28  3.36    #1-#11:  -1%   #2-#11:   2%
2m0753.0676  0.1 W, 0.2 S   10.54    3.59  3.22  3.32  3.44    #1-#11:   3%   #2-#11:   7%
2m0753.0677  0.0 E, 0.1 N   10.54    4.08  3.49  3.43  3.57    #1-#11:  -2%   #2-#11:   2%
2m0753.0678  0.1 E, 0.1 S   10.56    4.18  3.66  3.74  3.96    #1-#11:   2%   #2-#11:   8%
2m0753.0679  0.2 W, 0.2 S   10.56    3.83  3.35  3.41  3.63    #1-#11:   2%   #2-#11:   8%
2m0753.0680  0.2 W, 0.2 S   10.55    3.58  3.06  3.21  3.20    #1-#11:   5%   #2-#11:   4%
2m0753.0681  0.3 E, 0.3 S   10.54    3.88  3.43  3.51  3.66    #1-#11:   2%   #2-#11:   6%
2m0753.0682  0.2 W, 0.1 S   10.55    3.65  3.25  3.32  3.38    #1-#11:   2%   #2-#11:   4%
2m0753.0683  0.3 E, 0.3 S   10.56    4.35  4.02  3.77  3.91    #1-#11:  -6%   #2-#11:  -3%
2m0753.0684  0.2 E, 0.2 S   10.57    3.59  3.32  3.26  3.35    #1-#11:  -2%   #2-#11:   1%
2m0753.0685  0.2 W, 0.1 S   10.55    4.02  3.42  3.54  3.65    #1-#11:   3%   #2-#11:   7%
2m0753.0686  0.3 W, 0.2 S   10.55    3.68  3.38  3.36  3.41    #1-#11:  -1%   #2-#11:   1%
2m0753.0687  0.2 E, 0.2 S   10.56    3.80  3.43  3.44  3.50    #1-#11:   0%   #2-#11:   2%
2m0753.0688  0.3 W, 0.2 S   10.56    3.87  3.44  3.49  3.55    #1-#11:   1%   #2-#11:   3%
2m0753.0689  0.3 E, 0.2 S   10.56    3.91  3.46  3.42  3.54    #1-#11:  -1%   #2-#11:   2%
2m0753.0690  0.3 E, 0.2 S   10.55    3.99  3.42  3.42  3.56    #1-#11:   0%   #2-#11:   4%
2m0753.0691  0.5 W, 0.3 S   10.55    3.94  3.62  3.79  3.55    #1-#11:   5%   #2-#11:  -2%
2m0753.0692  0.1 W, 0.2 S   10.56    3.81  3.27  3.23  3.43    #1-#11:  -1%   #2-#11:   5%
2m0753.0693  0.4 E, 0.2 S   10.57    4.28  3.72  3.94  3.94    #1-#11:   6%   #2-#11:   6%
2m0753.0694  0.4 W, 0.3 S   10.56    4.19  3.64  3.73  3.91    #1-#11:   2%   #2-#11:   7%
2m0753.0695  0.2 E, 0.2 S   10.55    4.15  3.61  3.56  3.81    #1-#11:  -1%   #2-#11:   5%
2m0753.0696  0.7 E, 0.3 S   10.56    4.18  3.59  3.62  3.61    #1-#11:   1%   #2-#11:   1%
2m0753.0697  0.5 W, 0.2 S   10.57    3.95  3.60  3.44  3.51    #1-#11:  -5%   #2-#11:  -3%
2m0753.0698  0.3 W, 0.2 S   10.58    3.59  3.30  3.24  3.29    #1-#11:  -2%   #2-#11:   0%
2m0753.0699  0.2 E, 0.2 S   10.56    3.98  3.52  3.51  3.60    #1-#11:   0%   #2-#11:   2%
2m0753.0700  0.5 W, 0.1 S   10.55    4.22  3.42  3.71  3.70    #1-#11:   8%   #2-#11:   8%
2m0753.0701  0.0 E, 0.2 S   10.56    3.74  3.26  3.37  3.52    #1-#11:   3%   #2-#11:   8%
2m0753.0702  0.2 E, 0.3 S   10.57    3.73  3.25  3.39  3.47    #1-#11:   4%   #2-#11:   7%
2m0753.0703  0.6 W, 0.2 S   10.57    3.87  3.43  3.40  3.56    #1-#11:  -1%   #2-#11:   4%
2m0753.0704  0.1 W, 0.1 N   10.56    4.11  3.63  3.51  3.58    #1-#11:  -3%   #2-#11:  -1%
2m0753.0705  0.2 E, 0.0 S   10.56    4.31  3.74  3.76  3.93    #1-#11:   1%   #2-#11:   5%
2m0753.0706  0.5 W, 0.1 N   10.57    4.02  3.53  3.43  3.57    #1-#11:  -3%   #2-#11:   1%
2m0753.0707  0.2 W, 0.1 N   10.57    4.29  3.73  3.70  3.95    #1-#11:  -1%   #2-#11:   6%
2m0753.0708  0.2 E, 0.0 N   10.57    3.97  3.41  3.42  3.56    #1-#11:   0%   #2-#11:   4%
2m0753.0709  0.7 W, 0.2 N   10.56    4.15  3.75  3.76  3.67    #1-#11:   0%   #2-#11:  -2%
2m0753.0710  0.5 W, 0.0 S   10.56    3.69  3.35  3.33  3.36    #1-#11:  -1%   #2-#11:   0%
2m0753.0711  0.0 W, 0.0 N   10.57    4.29  3.68  3.91  3.90    #1-#11:   6%   #2-#11:   6%
2m0753.0712  0.6 W, 0.1 N   10.58    3.77  3.34  3.64  3.47    #1-#11:   9%   #2-#11:   4%
2m0753.0713  0.1 W, 0.0 S   10.58    3.46  3.26  3.16  3.15    #1-#11:  -3%   #2-#11:  -3%
2m0753.0714  0.0 E, 0.0 N   10.57    3.66  3.37  3.30  3.38    #1-#11:  -2%   #2-#11:   0%
2m0753.0715  0.5 W, 0.1 S   10.57    3.79  3.52  3.41  3.46    #1-#11:  -3%   #2-#11:  -2%
2m0753.0716  0.3 W, 0.1 N   10.58    3.94  3.63  3.42  3.50    #1-#11:  -6%   #2-#11:  -4%
2m0753.0717  0.3 W, 0.1 N   10.58    4.14  3.54  3.53  3.59    #1-#11:   0%   #2-#11:   1%
2m0753.0718  0.3 W, 0.0 N   10.57    3.81  3.40  3.47  3.46    #1-#11:   2%   #2-#11:   2%
2m0753.0719  0.3 W, 0.1 N   10.57    3.69  3.21  3.21  3.42    #1-#11:   0%   #2-#11:   6%
2m0753.0720  0.1 E, 0.0 N   10.58    3.71  3.45  3.40  3.47    #1-#11:  -1%   #2-#11:   1%
2m0753.0721  0.3 W, 0.1 N   10.59    3.82  3.43  3.45  3.44    #1-#11:   1%   #2-#11:   0%
2m0753.0722  0.3 W, 0.0 S   10.59    4.14  3.51  3.58  3.84    #1-#11:   2%   #2-#11:   9%
2m0753.0723  0.3 W, 0.0 S   10.57    3.90  3.41  3.49  3.64    #1-#11:   2%   #2-#11:   7%
2m0753.0724  0.0 W, 0.0 S   10.57    3.54  3.25  3.33  3.37    #1-#11:   2%   #2-#11:   4%
2m0753.0725  0.2 W, 0.1 S   10.58    3.71  3.35  3.19  3.39    #1-#11:  -5%   #2-#11:   1%
2m0753.0726  0.0 W, 0.1 N   10.59    4.62  4.12  4.28  4.26    #1-#11:   4%   #2-#11:   3%
2m0753.0727  0.3 W, 0.0 S   10.60    3.58  3.06  3.12  3.32    #1-#11:   2%   #2-#11:   8%
2m0753.0728  0.2 W, 0.0 N   10.58    3.76  3.40  3.46  3.47    #1-#11:   2%   #2-#11:   2%
2m0753.0729  0.5 W, 0.0 N   10.57    4.08  3.37  3.47  3.72    #1-#11:   3%   #2-#11:  10%
2m0753.0730  0.1 E, 0.1 S   10.59    3.84  3.51  3.54  3.59    #1-#11:   1%   #2-#11:   2%
2m0753.0731  0.2 W, 0.1 S   10.59    4.28  3.73  3.69  3.81    #1-#11:  -1%   #2-#11:   2%
2m0753.0732  0.1 E, 0.0 N   10.59    3.94  3.47  3.65  3.72    #1-#11:   5%   #2-#11:   7%
2m0753.0733  0.2 E, 0.1 N   10.58    3.73  3.27  3.27  3.42    #1-#11:   0%   #2-#11:   4%
2m0753.0734  0.3 W, 0.3 S   10.58    3.66  3.28  3.24  3.46    #1-#11:  -1%   #2-#11:   5%
2m0753.0735  0.3 W, 0.1 N   10.59    4.20  3.52  3.61  3.96    #1-#11:   3%   #2-#11:  12%
2m0753.0736  0.3 E, 0.1 S   10.61    3.81  3.40  3.34  3.47    #1-#11:  -2%   #2-#11:   2%
2m0753.0737  0.2 W, 0.0 N   10.59    3.96  3.56  3.53  3.67    #1-#11:  -1%   #2-#11:   3%
2m0753.0738  0.1 E, 0.1 S   10.57    4.52  4.12  4.21  4.15    #1-#11:   2%   #2-#11:   1%
2m0753.0739  0.3 E, 0.0 N   10.58    4.28  3.80  3.73  3.88    #1-#11:  -2%   #2-#11:   2%
2m0753.0740  0.1 W, 0.1 S   10.60    4.45  3.94  3.98  4.25    #1-#11:   1%   #2-#11:   8%
2m0753.0741  0.3 W, 0.1 S   10.61    3.64  3.30  3.30  3.26    #1-#11:   0%   #2-#11:  -1%
2m0753.0742  0.4 E, 0.0 S   10.59    4.34  3.67  3.84  3.97    #1-#11:   5%   #2-#11:   8%
2m0753.0743  0.3 W, 0.0 N   10.58    3.94  3.44  3.51  3.67    #1-#11:   2%   #2-#11:   6%
2m0753.0744  0.1 E, 0.0 S   10.59    4.09  3.46  3.51  3.69    #1-#11:   1%   #2-#11:   6%
2m0753.0745  0.2 E, 0.0 N   10.61    3.76  3.34  3.42  3.52    #1-#11:   2%   #2-#11:   5%
2m0753.0746  0.2 W, 0.1 S   10.60    4.26  3.62  3.67  3.96    #1-#11:   1%   #2-#11:   9%
2m0753.0747  0.1 W, 0.1 S   10.59    4.36  3.77  3.77  3.89    #1-#11:   0%   #2-#11:   3%
2m0753.0748  0.3 E, 0.1 S   10.58    4.59  4.01  4.12  4.40    #1-#11:   3%   #2-#11:   9%
2m0753.0749  0.3 W, 0.1 N   10.59    4.52  3.96  3.99  4.13    #1-#11:   1%   #2-#11:   4%
2m0753.0750  0.1 E, 0.2 S   10.61    4.38  3.89  3.70  3.97    #1-#11:  -5%   #2-#11:   2%
2m0753.0751  0.5 E, 0.1 S   10.61    4.26  3.82  3.74  3.77    #1-#11:  -2%   #2-#11:  -1%
2m0753.0752  0.3 W, 0.0 S   10.59    4.16  3.50  3.54  3.73    #1-#11:   1%   #2-#11:   6%
2m0753.0753  0.1 W, 0.2 S   10.59    4.08  3.56  3.50  3.70    #1-#11:  -2%   #2-#11:   4%
2m0753.0754  0.4 E, 0.0 S   10.60    3.74  3.39  3.54  3.56    #1-#11:   4%   #2-#11:   5%
2m0753.0755  0.4 W, 0.2 S   10.61    4.04  3.68  3.60  3.64    #1-#11:  -2%   #2-#11:  -1%
2m0753.0756  0.1 E, 0.1 S   10.61    4.07  3.51  3.41  3.67    #1-#11:  -3%   #2-#11:   4%
2m0753.0757  0.7 E, 0.1 S   10.60    4.14  3.55  3.58  3.79    #1-#11:   1%   #2-#11:   7%
2m0753.0758  0.5 W, 0.1 S   10.60    3.88  3.54  3.38  3.56    #1-#11:  -5%   #2-#11:   1%
2m0753.0759  0.2 W, 0.0 S   10.60    3.92  3.41  3.37  3.45    #1-#11:  -1%   #2-#11:   1%
2m0753.0760  0.6 E, 0.2 S   10.61    4.44  3.86  3.87  4.11    #1-#11:   0%   #2-#11:   6%
2m0753.0761  0.3 W, 0.0 N   10.60    4.35  3.66  3.60  3.89    #1-#11:  -2%   #2-#11:   6%
2m0753.0762  0.1 W, 0.1 S   10.60    4.18  3.63  3.60  3.66    #1-#11:  -1%   #2-#11:   1%
2m0753.0763  0.5 E, 0.1 S   10.60    4.84  4.38  4.42  4.51    #1-#11:   1%   #2-#11:   3%
2m0753.0764  0.5 W, 0.2 S   10.61    4.46  4.06  4.04  4.02    #1-#11:   0%   #2-#11:  -1%
2m0753.0765  0.1 W, 0.2 S   10.62    4.21  3.69  3.49  3.60    #1-#11:  -6%   #2-#11:  -2%
2m0753.0766  0.1 W, 0.0 S   10.61    4.58  4.08  3.98  4.40    #1-#11:  -2%   #2-#11:   8%
2m0753.0767  0.4 W, 0.2 S   10.60    5.13  4.56  4.50  4.94    #1-#11:  -1%   #2-#11:   8%
2m0753.0768  0.0 W, 0.0 S   10.61    4.58  4.18  3.96  4.32    #1-#11:  -5%   #2-#11:   3%
2m0753.0769  0.2 E, 0.1 S   10.61    5.18  4.83  4.73  5.00    #1-#11:  -2%   #2-#11:   3%
2m0753.0770  0.5 W, 0.1 S   10.62    4.21  3.67  3.59  3.94    #1-#11:  -2%   #2-#11:   7%
2m0753.0771  0.3 W, 0.2 S   10.61    4.26  3.62  3.48  3.68    #1-#11:  -4%   #2-#11:   2%
2m0753.0772  0.1 W, 0.2 S   10.60    5.35  5.07  4.97  5.11    #1-#11:  -2%   #2-#11:   1%
2m0753.0773  0.1 W, 0.0 S   10.62    4.18  3.80  3.63  3.77    #1-#11:  -5%   #2-#11:  -1%
2m0753.0774  0.1 W, 0.1 S   10.62    3.98  3.46  3.40  3.53    #1-#11:  -2%   #2-#11:   2%
2m0753.0775  0.0 E, 0.2 S   10.61    4.30  3.75  3.65  3.96    #1-#11:  -3%   #2-#11:   5%
2m0753.0776  0.2 W, 0.1 S   10.62    4.10  3.72  3.56  3.62    #1-#11:  -4%   #2-#11:  -3%
2m0753.0777  0.1 E, 0.2 S   10.62    4.36  4.13  3.75  3.95    #1-#11: -10%   #2-#11:  -4%
2m0753.0778  0.2 W, 0.1 S   10.61    4.77  3.92  4.12  4.28    #1-#11:   5%   #2-#11:   9%
2m0753.0779  0.3 E, 0.0 S   10.63    4.12  3.47  3.41  3.72    #1-#11:  -2%   #2-#11:   7%
2m0753.0780  0.1 W, 0.1 S   10.62    4.12  3.64  3.48  3.81    #1-#11:  -4%   #2-#11:   5%
2m0753.0781  0.1 E, 0.3 S   10.62    4.39  4.04  3.84  4.16    #1-#11:  -5%   #2-#11:   3%
2m0753.0782  0.0 E, 0.2 S   10.63    4.05  3.54  3.44  3.54    #1-#11:  -3%   #2-#11:   0%
2m0753.0783  0.0 W, 0.1 S   10.64    3.67  3.31  3.38  3.46    #1-#11:   2%   #2-#11:   4%
2m0753.0784  0.2 W, 0.1 S   10.64    3.91  3.69  3.55  3.57    #1-#11:  -4%   #2-#11:  -3%
2m0753.0785  0.2 E, 0.2 S   10.63    4.14  3.50  3.39  3.69    #1-#11:  -3%   #2-#11:   5%
2m0753.0786  0.0 W, 0.1 S   10.63    4.47  3.98  3.91  4.07    #1-#11:  -2%   #2-#11:   2%
2m0753.0787  0.2 E, 0.1 S   10.63    4.40  3.87  3.66  3.98    #1-#11:  -6%   #2-#11:   3%
2m0753.0788  0.2 E, 0.1 S   10.65    3.95  3.44  3.42  3.51    #1-#11:  -1%   #2-#11:   2%
2m0753.0789  0.1 W, 0.2 S   10.63    4.36  3.81  3.63  4.10    #1-#11:  -5%   #2-#11:   7%
2m0753.0790  0.3 W, 0.2 S   10.63    4.20  3.50  3.65  3.70    #1-#11:   4%   #2-#11:   6%
2m0753.0791  0.0 E, 0.2 S   10.63    4.10  3.62  3.44  3.81    #1-#11:  -5%   #2-#11:   5%
2m0753.0792  0.1 E, 0.1 S   10.64    4.36  3.68  3.66  4.05    #1-#11:  -1%   #2-#11:  10%
2m0753.0793  0.4 E, 0.3 S   10.64    4.52  3.96  3.81  4.00    #1-#11:  -4%   #2-#11:   1%
2m0753.0794  0.5 E, 0.1 S   10.64    3.92  3.45  3.44  3.58    #1-#11:   0%   #2-#11:   4%
2m0753.0795  0.1 W, 0.2 S   10.63    4.34  3.84  3.60  3.79    #1-#11:  -6%   #2-#11:  -1%
2m0753.0796  0.0 E, 0.0 N   10.63    4.76  4.32  4.10  4.47    #1-#11:  -5%   #2-#11:   3%
2m0753.0797  0.3 E, 0.1 S   10.65    4.04  3.51  3.42  3.56    #1-#11:  -3%   #2-#11:   1%
2m0753.0798  0.0 W, 0.3 S   10.65    4.27  3.82  3.55  3.98    #1-#11:  -7%   #2-#11:   4%
2m0753.0799  0.3 E, 0.2 S   10.64    4.15  3.60  3.36  3.67    #1-#11:  -7%   #2-#11:   2%
2m0753.0800  0.6 E, 0.1 S   10.64    4.48  3.99  3.85  4.14    #1-#11:  -4%   #2-#11:   4%
2m0753.0801  0.2 W, 0.2 S   10.65    4.45  3.92  3.71  4.06    #1-#11:  -6%   #2-#11:   4%
2m0753.0802  0.1 W, 0.1 S   10.66    4.32  4.14  3.93  4.12    #1-#11:  -5%   #2-#11:   0%
2m0753.0803  0.5 E, 0.2 S   10.65    4.44  4.12  3.73  3.96    #1-#11: -10%   #2-#11:  -4%
2m0753.0804  0.5 W, 0.2 S   10.64    4.44  3.82  3.97  4.00    #1-#11:   4%   #2-#11:   5%
2m0753.0805  0.4 E, 0.3 S   10.64    4.05  3.63  3.39  3.54    #1-#11:  -7%   #2-#11:  -3%
2m0753.0806  0.4 E, 0.1 S   10.65    4.22  3.54  3.50  3.70    #1-#11:  -1%   #2-#11:   4%
